*** Installation started 2009/06/08 14:06 ***
Source: c:\beckup\DASY_V5-WIN_INSTALL\PYTHON-Software\bliss_modules-0.0.0.win32.exe
020 Reg DB Key: [Software\Microsoft\Windows\CurrentVersion\Uninstall]bliss_modules-py2.3
040 Reg DB Value: [Software\Microsoft\Windows\CurrentVersion\Uninstall\bliss_modules-py2.3]DisplayName=Python 2.3 bliss_modules-0.0.0
040 Reg DB Value: [Software\Microsoft\Windows\CurrentVersion\Uninstall\bliss_modules-py2.3]UninstallString="c:\Python23\Removebliss_modules.exe" -u "c:\Python23\bliss_modules-wininst.log"
100 Made Dir: c:\Python23\Lib\site-packages\bliss_module
200 File Copy: c:\Python23\Lib\site-packages\bliss_module\EdfFile.py
200 File Copy: c:\Python23\Lib\site-packages\bliss_module\EventHandler.py
200 File Copy: c:\Python23\Lib\site-packages\bliss_module\__init__.py
200 File Copy: c:\Python23\Lib\site-packages\bliss_module\findFile.py
200 File Copy: c:\Python23\Lib\site-packages\bliss_module\TableWidget.py
200 File Copy: c:\Python23\Lib\site-packages\bliss_module\BltGraph.py
200 File Copy: c:\Python23\Lib\site-packages\bliss_module\Blt.py
200 File Copy: c:\Python23\Lib\site-packages\bliss_module\SimpleRecord.py
200 File Copy: c:\Python23\Lib\site-packages\bliss_module\CmdOutput.py
200 File Copy: c:\Python23\Lib\site-packages\bliss_module\Command.py
200 File Copy: c:\Python23\Lib\site-packages\bliss_module\except2str.py
200 File Copy: c:\Python23\Lib\site-packages\bliss_module\printf2re.py
200 File Copy: c:\Python23\Lib\site-packages\bliss_module\Record.py
200 File Copy: c:\Python23\Lib\site-packages\bliss_module\SectionFile.py
200 File Copy: c:\Python23\Lib\site-packages\bliss_module\BlissTkDlgBox.py
200 File Copy: c:\Python23\Lib\site-packages\bliss_module\resources.py
200 File Copy: c:\Python23\Lib\site-packages\bliss_module\mdi.py
100 Made Dir: c:\Python23\Lib\site-packages\periodictable
200 File Copy: c:\Python23\Lib\site-packages\periodictable\__init__.py
200 File Copy: c:\Python23\Lib\site-packages\periodictable\PeriodicTable.py
200 File Copy: c:\Python23\Lib\site-packages\periodictable\TkTools.py
200 File Copy: c:\Python23\Lib\site-packages\periodictable\Xray.py
200 File Copy: c:\Python23\Lib\site-packages\periodictable\XrayPT.py
200 File Copy: c:\Python23\Lib\site-packages\periodictable\XrayWidget.py
100 Made Dir: c:\Python23\Lib\site-packages\PyDVT
200 File Copy: c:\Python23\Lib\site-packages\PyDVT\__init__.py
200 File Copy: c:\Python23\Lib\site-packages\PyDVT\Binding.py
200 File Copy: c:\Python23\Lib\site-packages\PyDVT\ColormapSelect.py
200 File Copy: c:\Python23\Lib\site-packages\PyDVT\ContourView.py
200 File Copy: c:\Python23\Lib\site-packages\PyDVT\Filter.py
200 File Copy: c:\Python23\Lib\site-packages\PyDVT\ExtendedGraphView.py
200 File Copy: c:\Python23\Lib\site-packages\PyDVT\GraphView.py
200 File Copy: c:\Python23\Lib\site-packages\PyDVT\Data.py
200 File Copy: c:\Python23\Lib\site-packages\PyDVT\DataInfoView.py
200 File Copy: c:\Python23\Lib\site-packages\PyDVT\DataSelection.py
200 File Copy: c:\Python23\Lib\site-packages\PyDVT\View.py
200 File Copy: c:\Python23\Lib\site-packages\PyDVT\EdfFileData.py
200 File Copy: c:\Python23\Lib\site-packages\PyDVT\ExtendedImageView.py
200 File Copy: c:\Python23\Lib\site-packages\PyDVT\ImageFileData.py
200 File Copy: c:\Python23\Lib\site-packages\PyDVT\ImageViewSelect.py
200 File Copy: c:\Python23\Lib\site-packages\PyDVT\MeshView.py
200 File Copy: c:\Python23\Lib\site-packages\PyDVT\SpecFileData.py
200 File Copy: c:\Python23\Lib\site-packages\PyDVT\SPSData.py
200 File Copy: c:\Python23\Lib\site-packages\PyDVT\ViewSelect.py
200 File Copy: c:\Python23\Lib\site-packages\PyDVT\TableView.py
200 File Copy: c:\Python23\Lib\site-packages\PyDVT\ImageView.py
200 File Copy: c:\Python23\Lib\site-packages\PyDVT\GraphViewSelect.py
200 File Copy: c:\Python23\Lib\site-packages\PyDVT\Transf2DFilter.py
200 File Copy: c:\Python23\Lib\site-packages\PyDVT\Operator.py
200 File Copy: c:\Python23\Lib\site-packages\PyDVT\ScanGraphView.py
200 File Copy: c:\Python23\Lib\site-packages\PyDVT\SPSScanGraphFilter.py
200 File Copy: c:\Python23\Lib\site-packages\PyDVT\FitFilter.py
200 File Copy: c:\Python23\Lib\site-packages\PyDVT\BinarySearch.py
200 File Copy: c:\Python23\Lib\site-packages\PyDVT\SciDXPData.py
100 Made Dir: c:\Python23\Lib\site-packages\PyDVT\GUIBinding
200 File Copy: c:\Python23\Lib\site-packages\PyDVT\GUIBinding\Drawable1D.py
200 File Copy: c:\Python23\Lib\site-packages\PyDVT\GUIBinding\Drawable3D.py
200 File Copy: c:\Python23\Lib\site-packages\PyDVT\GUIBinding\DrawableTable.py
200 File Copy: c:\Python23\Lib\site-packages\PyDVT\GUIBinding\Drawable2D.py
200 File Copy: c:\Python23\Lib\site-packages\PyDVT\GUIBinding\__init__.py
200 File Copy: c:\Python23\Lib\site-packages\PyDVT\GUIBinding\DrawableContour.py
200 File Copy: c:\Python23\Lib\site-packages\PyDVT\GUIBinding\Binding.py
200 File Copy: c:\Python23\Lib\site-packages\PyDVT\GUIBinding\ColormapEditorWidget.py
200 File Copy: c:\Python23\Lib\site-packages\PyDVT\GUIBinding\ExtendedGraphDialogs.py
200 File Copy: c:\Python23\Lib\site-packages\PyDVT\GUIBinding\FitParametersDialog.py
100 Made Dir: c:\Python23\Lib\site-packages\PyDVT\QtBinding
200 File Copy: c:\Python23\Lib\site-packages\PyDVT\QtBinding\ExtendedGraphDialogs.py
200 File Copy: c:\Python23\Lib\site-packages\PyDVT\QtBinding\qplplot.py
200 File Copy: c:\Python23\Lib\site-packages\PyDVT\QtBinding\DrawableTable.py
200 File Copy: c:\Python23\Lib\site-packages\PyDVT\QtBinding\myqplplot.py
200 File Copy: c:\Python23\Lib\site-packages\PyDVT\QtBinding\Binding.py
200 File Copy: c:\Python23\Lib\site-packages\PyDVT\QtBinding\DrawableContour.py
200 File Copy: c:\Python23\Lib\site-packages\PyDVT\QtBinding\ColormapEditorWidget.py
200 File Copy: c:\Python23\Lib\site-packages\PyDVT\QtBinding\Drawable1D.py
200 File Copy: c:\Python23\Lib\site-packages\PyDVT\QtBinding\Drawable3D.py
200 File Copy: c:\Python23\Lib\site-packages\PyDVT\QtBinding\Drawable2D.py
200 File Copy: c:\Python23\Lib\site-packages\PyDVT\QtBinding\__init__.py
200 File Copy: c:\Python23\Lib\site-packages\PyDVT\QtBinding\FitParametersDialog.py
200 File Copy: c:\Python23\Lib\site-packages\PyDVT\QtBinding\MyPSDraw.py
200 File Copy: c:\Python23\Lib\site-packages\PyDVT\QtBinding\BinarySearch.py
100 Made Dir: c:\Python23\Lib\site-packages\PyDVT\QwtBinding
200 File Copy: c:\Python23\Lib\site-packages\PyDVT\QwtBinding\ExtendedGraphDialogs.py
200 File Copy: c:\Python23\Lib\site-packages\PyDVT\QwtBinding\Binding.py
200 File Copy: c:\Python23\Lib\site-packages\PyDVT\QwtBinding\DrawableTable.py
200 File Copy: c:\Python23\Lib\site-packages\PyDVT\QwtBinding\ColormapEditorWidget.py
200 File Copy: c:\Python23\Lib\site-packages\PyDVT\QwtBinding\DrawableContour.py
200 File Copy: c:\Python23\Lib\site-packages\PyDVT\QwtBinding\Drawable3D.py
200 File Copy: c:\Python23\Lib\site-packages\PyDVT\QwtBinding\Drawable1D.py
200 File Copy: c:\Python23\Lib\site-packages\PyDVT\QwtBinding\MyPSDraw.py
200 File Copy: c:\Python23\Lib\site-packages\PyDVT\QwtBinding\Drawable2D.py
200 File Copy: c:\Python23\Lib\site-packages\PyDVT\QwtBinding\__init__.py
200 File Copy: c:\Python23\Lib\site-packages\PyDVT\QwtBinding\FitParametersDialog.py
100 Made Dir: c:\Python23\Lib\site-packages\PyDVT\TkBinding
200 File Copy: c:\Python23\Lib\site-packages\PyDVT\TkBinding\BltGraph.py
200 File Copy: c:\Python23\Lib\site-packages\PyDVT\TkBinding\BltGraphProperties.py
200 File Copy: c:\Python23\Lib\site-packages\PyDVT\TkBinding\Selector.py
200 File Copy: c:\Python23\Lib\site-packages\PyDVT\TkBinding\tkplplot.py
200 File Copy: c:\Python23\Lib\site-packages\PyDVT\TkBinding\ExtendedGraphDialogs.py
200 File Copy: c:\Python23\Lib\site-packages\PyDVT\TkBinding\Drawable2D.py
200 File Copy: c:\Python23\Lib\site-packages\PyDVT\TkBinding\__init__.py
200 File Copy: c:\Python23\Lib\site-packages\PyDVT\TkBinding\DrawableTable.py
200 File Copy: c:\Python23\Lib\site-packages\PyDVT\TkBinding\mytkplplot.py
200 File Copy: c:\Python23\Lib\site-packages\PyDVT\TkBinding\Drawable1D.py
200 File Copy: c:\Python23\Lib\site-packages\PyDVT\TkBinding\Binding.py
200 File Copy: c:\Python23\Lib\site-packages\PyDVT\TkBinding\DrawableContour.py
200 File Copy: c:\Python23\Lib\site-packages\PyDVT\TkBinding\Drawable3D.py
200 File Copy: c:\Python23\Lib\site-packages\PyDVT\TkBinding\ColormapEditorWidget.py
200 File Copy: c:\Python23\Lib\site-packages\PyDVT\TkBinding\FitParametersDialog.py
100 Made Dir: c:\Python23\Lib\site-packages\Tree
200 File Copy: c:\Python23\Lib\site-packages\Tree\__init__.py
200 File Copy: c:\Python23\Lib\site-packages\Tree\treedemo-dirs.py
200 File Copy: c:\Python23\Lib\site-packages\Tree\treedemo-complex.py
200 File Copy: c:\Python23\Lib\site-packages\Tree\treedemo-dnd.py
200 File Copy: c:\Python23\Lib\site-packages\Tree\treedemo-icons.py
200 File Copy: c:\Python23\Lib\site-packages\Tree\Tree.py
200 File Copy: c:\Python23\Lib\site-packages\Tree\Tree2.py
200 File Copy: c:\Python23\Lib\site-packages\Tree\treedemo-dnd2.py
200 File Copy: c:\Python23\Lib\site-packages\Tree\my-dnd.py
200 File Copy: c:\Python23\Lib\site-packages\Tree\Tree4.py
200 File Copy: c:\Python23\Lib\site-packages\Tree\Tree1.py
200 File Copy: c:\Python23\Lib\site-packages\Tree\Tree3.py
200 File Copy: c:\Python23\Lib\site-packages\Tree\Tree5.py
100 Made Dir: c:\Python23\Lib\site-packages\specfit
200 File Copy: c:\Python23\Lib\site-packages\specfit\TkTableParameters.py
200 File Copy: c:\Python23\Lib\site-packages\specfit\CheckField.py
200 File Copy: c:\Python23\Lib\site-packages\specfit\EntryField.py
200 File Copy: c:\Python23\Lib\site-packages\specfit\FitActionsGUI.py
200 File Copy: c:\Python23\Lib\site-packages\specfit\FitConfigGUI.py
200 File Copy: c:\Python23\Lib\site-packages\specfit\FitStatusGUI.py
200 File Copy: c:\Python23\Lib\site-packages\specfit\Gefit.py
200 File Copy: c:\Python23\Lib\site-packages\specfit\GefitDemo.py
200 File Copy: c:\Python23\Lib\site-packages\specfit\McaTable.py
200 File Copy: c:\Python23\Lib\site-packages\specfit\MultiParameters.py
200 File Copy: c:\Python23\Lib\site-packages\specfit\NewplotServer.py
200 File Copy: c:\Python23\Lib\site-packages\specfit\NewTheory.py
200 File Copy: c:\Python23\Lib\site-packages\specfit\Parameters.py
200 File Copy: c:\Python23\Lib\site-packages\specfit\QScriptOption.py
200 File Copy: c:\Python23\Lib\site-packages\specfit\ScriptOption.py
200 File Copy: c:\Python23\Lib\site-packages\specfit\SpecArithmetic.py
200 File Copy: c:\Python23\Lib\site-packages\specfit\Specfit.py
200 File Copy: c:\Python23\Lib\site-packages\specfit\SpecfitConf.py
200 File Copy: c:\Python23\Lib\site-packages\specfit\SpecfitFunctions.py
200 File Copy: c:\Python23\Lib\site-packages\specfit\SpecfitFunsTest.py
200 File Copy: c:\Python23\Lib\site-packages\specfit\SpecfitGUI.py
200 File Copy: c:\Python23\Lib\site-packages\specfit\SpecfitServer.py
200 File Copy: c:\Python23\Lib\site-packages\specfit\TabSheets.py
200 File Copy: c:\Python23\Lib\site-packages\specfit\TextField.py
200 File Copy: c:\Python23\Lib\site-packages\specfit\TkMcaTable.py
200 File Copy: c:\Python23\Lib\site-packages\specfit\TkMultiparameters.py
200 File Copy: c:\Python23\Lib\site-packages\specfit\TkParameters.py
200 File Copy: c:\Python23\Lib\site-packages\specfit\BasicMenu.py
200 File Copy: c:\Python23\Lib\site-packages\specfit\__init__.py
200 File Copy: c:\Python23\Lib\site-packages\periodictable.pth
200 File Copy: c:\Python23\Lib\site-packages\Tree.pth
200 File Copy: c:\Python23\Lib\site-packages\bliss_module.pth
200 File Copy: c:\Python23\Lib\site-packages\periodictable\emi.dat
200 File Copy: c:\Python23\Lib\site-packages\periodictable\Xray.dat
200 File Copy: c:\Python23\Lib\site-packages\PyDVT\LICENSE
200 File Copy: c:\Python23\Lib\site-packages\Tree\open.gif
200 File Copy: c:\Python23\Lib\site-packages\Tree\close.gif
200 File Copy: c:\Python23\Lib\site-packages\Tree\file1.gif
200 File Copy: c:\Python23\Lib\site-packages\Tree\file2.gif
200 File Copy: c:\Python23\Lib\site-packages\Tree\file3.gif
200 File Copy: c:\Python23\Lib\site-packages\Tree\tree-profile
100 Made Dir: c:\Python23\Lib\site-packages\Tree\dir1
200 File Copy: c:\Python23\Lib\site-packages\Tree\dir1\file122
100 Made Dir: c:\Python23\Lib\site-packages\Tree\dir1\dir12
200 File Copy: c:\Python23\Lib\site-packages\Tree\dir1\dir12\file112
100 Made Dir: c:\Python23\Lib\site-packages\Tree\dir2
200 File Copy: c:\Python23\Lib\site-packages\Tree\dir2\file122
200 File Copy: c:\Python23\Lib\site-packages\Tree\dir2\file111
100 Made Dir: c:\Python23\Lib\site-packages\Tree\dir3
200 File Copy: c:\Python23\Lib\site-packages\Tree\dir3\file31
200 File Copy: c:\Python23\Lib\site-packages\bliss_module\spslut.pyd
200 File Copy: c:\Python23\Lib\site-packages\bliss_module\pyqt_pl.pyd
200 File Copy: c:\Python23\Lib\site-packages\bliss_module\pl.pyd
100 Made Dir: c:\Python23\Lib\site-packages\bliss_module\lib
200 File Copy: c:\Python23\Lib\site-packages\bliss_module\lib\plstnd5.fnt
200 File Copy: c:\Python23\Lib\site-packages\bliss_module\lib\plxtnd5.fnt
200 File Copy: c:\Python23\Lib\site-packages\specfit\__init__.pyc
200 File Copy: c:\Python23\Lib\site-packages\specfit\BasicMenu.pyc
200 File Copy: c:\Python23\Lib\site-packages\specfit\TkParameters.pyc
200 File Copy: c:\Python23\Lib\site-packages\specfit\TkMultiparameters.pyc
200 File Copy: c:\Python23\Lib\site-packages\specfit\TkMcaTable.pyc
200 File Copy: c:\Python23\Lib\site-packages\specfit\TextField.pyc
200 File Copy: c:\Python23\Lib\site-packages\specfit\TabSheets.pyc
200 File Copy: c:\Python23\Lib\site-packages\specfit\SpecfitServer.pyc
200 File Copy: c:\Python23\Lib\site-packages\specfit\SpecfitGUI.pyc
200 File Copy: c:\Python23\Lib\site-packages\specfit\SpecfitFunsTest.pyc
200 File Copy: c:\Python23\Lib\site-packages\specfit\SpecfitFunctions.pyc
200 File Copy: c:\Python23\Lib\site-packages\specfit\SpecfitConf.pyc
200 File Copy: c:\Python23\Lib\site-packages\specfit\Specfit.pyc
200 File Copy: c:\Python23\Lib\site-packages\specfit\SpecArithmetic.pyc
200 File Copy: c:\Python23\Lib\site-packages\specfit\ScriptOption.pyc
200 File Copy: c:\Python23\Lib\site-packages\specfit\QScriptOption.pyc
200 File Copy: c:\Python23\Lib\site-packages\specfit\Parameters.pyc
200 File Copy: c:\Python23\Lib\site-packages\specfit\NewTheory.pyc
200 File Copy: c:\Python23\Lib\site-packages\specfit\NewplotServer.pyc
200 File Copy: c:\Python23\Lib\site-packages\specfit\MultiParameters.pyc
200 File Copy: c:\Python23\Lib\site-packages\specfit\McaTable.pyc
200 File Copy: c:\Python23\Lib\site-packages\specfit\GefitDemo.pyc
200 File Copy: c:\Python23\Lib\site-packages\specfit\Gefit.pyc
200 File Copy: c:\Python23\Lib\site-packages\specfit\FitStatusGUI.pyc
200 File Copy: c:\Python23\Lib\site-packages\specfit\FitConfigGUI.pyc
200 File Copy: c:\Python23\Lib\site-packages\specfit\FitActionsGUI.pyc
200 File Copy: c:\Python23\Lib\site-packages\specfit\EntryField.pyc
200 File Copy: c:\Python23\Lib\site-packages\specfit\CheckField.pyc
200 File Copy: c:\Python23\Lib\site-packages\specfit\TkTableParameters.pyc
200 File Copy: c:\Python23\Lib\site-packages\Tree\Tree5.pyc
200 File Copy: c:\Python23\Lib\site-packages\Tree\Tree3.pyc
200 File Copy: c:\Python23\Lib\site-packages\Tree\Tree1.pyc
200 File Copy: c:\Python23\Lib\site-packages\Tree\Tree4.pyc
200 File Copy: c:\Python23\Lib\site-packages\Tree\my-dnd.pyc
200 File Copy: c:\Python23\Lib\site-packages\Tree\treedemo-dnd2.pyc
200 File Copy: c:\Python23\Lib\site-packages\Tree\Tree2.pyc
200 File Copy: c:\Python23\Lib\site-packages\Tree\Tree.pyc
200 File Copy: c:\Python23\Lib\site-packages\Tree\treedemo-icons.pyc
200 File Copy: c:\Python23\Lib\site-packages\Tree\treedemo-dnd.pyc
200 File Copy: c:\Python23\Lib\site-packages\Tree\treedemo-complex.pyc
200 File Copy: c:\Python23\Lib\site-packages\Tree\treedemo-dirs.pyc
200 File Copy: c:\Python23\Lib\site-packages\Tree\__init__.pyc
200 File Copy: c:\Python23\Lib\site-packages\PyDVT\TkBinding\FitParametersDialog.pyc
200 File Copy: c:\Python23\Lib\site-packages\PyDVT\TkBinding\ColormapEditorWidget.pyc
200 File Copy: c:\Python23\Lib\site-packages\PyDVT\TkBinding\Drawable3D.pyc
200 File Copy: c:\Python23\Lib\site-packages\PyDVT\TkBinding\DrawableContour.pyc
200 File Copy: c:\Python23\Lib\site-packages\PyDVT\TkBinding\Binding.pyc
200 File Copy: c:\Python23\Lib\site-packages\PyDVT\TkBinding\Drawable1D.pyc
200 File Copy: c:\Python23\Lib\site-packages\PyDVT\TkBinding\mytkplplot.pyc
200 File Copy: c:\Python23\Lib\site-packages\PyDVT\TkBinding\DrawableTable.pyc
200 File Copy: c:\Python23\Lib\site-packages\PyDVT\TkBinding\__init__.pyc
200 File Copy: c:\Python23\Lib\site-packages\PyDVT\TkBinding\Drawable2D.pyc
200 File Copy: c:\Python23\Lib\site-packages\PyDVT\TkBinding\ExtendedGraphDialogs.pyc
200 File Copy: c:\Python23\Lib\site-packages\PyDVT\TkBinding\tkplplot.pyc
200 File Copy: c:\Python23\Lib\site-packages\PyDVT\TkBinding\Selector.pyc
200 File Copy: c:\Python23\Lib\site-packages\PyDVT\TkBinding\BltGraphProperties.pyc
200 File Copy: c:\Python23\Lib\site-packages\PyDVT\TkBinding\BltGraph.pyc
200 File Copy: c:\Python23\Lib\site-packages\PyDVT\QwtBinding\FitParametersDialog.pyc
200 File Copy: c:\Python23\Lib\site-packages\PyDVT\QwtBinding\__init__.pyc
200 File Copy: c:\Python23\Lib\site-packages\PyDVT\QwtBinding\Drawable2D.pyc
200 File Copy: c:\Python23\Lib\site-packages\PyDVT\QwtBinding\MyPSDraw.pyc
200 File Copy: c:\Python23\Lib\site-packages\PyDVT\QwtBinding\Drawable1D.pyc
200 File Copy: c:\Python23\Lib\site-packages\PyDVT\QwtBinding\Drawable3D.pyc
200 File Copy: c:\Python23\Lib\site-packages\PyDVT\QwtBinding\DrawableContour.pyc
200 File Copy: c:\Python23\Lib\site-packages\PyDVT\QwtBinding\ColormapEditorWidget.pyc
200 File Copy: c:\Python23\Lib\site-packages\PyDVT\QwtBinding\DrawableTable.pyc
200 File Copy: c:\Python23\Lib\site-packages\PyDVT\QwtBinding\Binding.pyc
200 File Copy: c:\Python23\Lib\site-packages\PyDVT\QwtBinding\ExtendedGraphDialogs.pyc
200 File Copy: c:\Python23\Lib\site-packages\PyDVT\QtBinding\BinarySearch.pyc
200 File Copy: c:\Python23\Lib\site-packages\PyDVT\QtBinding\MyPSDraw.pyc
200 File Copy: c:\Python23\Lib\site-packages\PyDVT\QtBinding\FitParametersDialog.pyc
200 File Copy: c:\Python23\Lib\site-packages\PyDVT\QtBinding\__init__.pyc
200 File Copy: c:\Python23\Lib\site-packages\PyDVT\QtBinding\Drawable2D.pyc
200 File Copy: c:\Python23\Lib\site-packages\PyDVT\QtBinding\Drawable3D.pyc
200 File Copy: c:\Python23\Lib\site-packages\PyDVT\QtBinding\Drawable1D.pyc
200 File Copy: c:\Python23\Lib\site-packages\PyDVT\QtBinding\ColormapEditorWidget.pyc
200 File Copy: c:\Python23\Lib\site-packages\PyDVT\QtBinding\DrawableContour.pyc
200 File Copy: c:\Python23\Lib\site-packages\PyDVT\QtBinding\Binding.pyc
200 File Copy: c:\Python23\Lib\site-packages\PyDVT\QtBinding\myqplplot.pyc
200 File Copy: c:\Python23\Lib\site-packages\PyDVT\QtBinding\DrawableTable.pyc
200 File Copy: c:\Python23\Lib\site-packages\PyDVT\QtBinding\qplplot.pyc
200 File Copy: c:\Python23\Lib\site-packages\PyDVT\QtBinding\ExtendedGraphDialogs.pyc
200 File Copy: c:\Python23\Lib\site-packages\PyDVT\GUIBinding\FitParametersDialog.pyc
200 File Copy: c:\Python23\Lib\site-packages\PyDVT\GUIBinding\ExtendedGraphDialogs.pyc
200 File Copy: c:\Python23\Lib\site-packages\PyDVT\GUIBinding\ColormapEditorWidget.pyc
200 File Copy: c:\Python23\Lib\site-packages\PyDVT\GUIBinding\Binding.pyc
200 File Copy: c:\Python23\Lib\site-packages\PyDVT\GUIBinding\DrawableContour.pyc
200 File Copy: c:\Python23\Lib\site-packages\PyDVT\GUIBinding\__init__.pyc
200 File Copy: c:\Python23\Lib\site-packages\PyDVT\GUIBinding\Drawable2D.pyc
200 File Copy: c:\Python23\Lib\site-packages\PyDVT\GUIBinding\DrawableTable.pyc
200 File Copy: c:\Python23\Lib\site-packages\PyDVT\GUIBinding\Drawable3D.pyc
200 File Copy: c:\Python23\Lib\site-packages\PyDVT\GUIBinding\Drawable1D.pyc
200 File Copy: c:\Python23\Lib\site-packages\PyDVT\SciDXPData.pyc
200 File Copy: c:\Python23\Lib\site-packages\PyDVT\BinarySearch.pyc
200 File Copy: c:\Python23\Lib\site-packages\PyDVT\FitFilter.pyc
200 File Copy: c:\Python23\Lib\site-packages\PyDVT\SPSScanGraphFilter.pyc
200 File Copy: c:\Python23\Lib\site-packages\PyDVT\ScanGraphView.pyc
200 File Copy: c:\Python23\Lib\site-packages\PyDVT\Operator.pyc
200 File Copy: c:\Python23\Lib\site-packages\PyDVT\Transf2DFilter.pyc
200 File Copy: c:\Python23\Lib\site-packages\PyDVT\GraphViewSelect.pyc
200 File Copy: c:\Python23\Lib\site-packages\PyDVT\ImageView.pyc
200 File Copy: c:\Python23\Lib\site-packages\PyDVT\TableView.pyc
200 File Copy: c:\Python23\Lib\site-packages\PyDVT\ViewSelect.pyc
200 File Copy: c:\Python23\Lib\site-packages\PyDVT\SPSData.pyc
200 File Copy: c:\Python23\Lib\site-packages\PyDVT\SpecFileData.pyc
200 File Copy: c:\Python23\Lib\site-packages\PyDVT\MeshView.pyc
200 File Copy: c:\Python23\Lib\site-packages\PyDVT\ImageViewSelect.pyc
200 File Copy: c:\Python23\Lib\site-packages\PyDVT\ImageFileData.pyc
200 File Copy: c:\Python23\Lib\site-packages\PyDVT\ExtendedImageView.pyc
200 File Copy: c:\Python23\Lib\site-packages\PyDVT\EdfFileData.pyc
200 File Copy: c:\Python23\Lib\site-packages\PyDVT\View.pyc
200 File Copy: c:\Python23\Lib\site-packages\PyDVT\DataSelection.pyc
200 File Copy: c:\Python23\Lib\site-packages\PyDVT\DataInfoView.pyc
200 File Copy: c:\Python23\Lib\site-packages\PyDVT\Data.pyc
200 File Copy: c:\Python23\Lib\site-packages\PyDVT\GraphView.pyc
200 File Copy: c:\Python23\Lib\site-packages\PyDVT\ExtendedGraphView.pyc
200 File Copy: c:\Python23\Lib\site-packages\PyDVT\Filter.pyc
200 File Copy: c:\Python23\Lib\site-packages\PyDVT\ContourView.pyc
200 File Copy: c:\Python23\Lib\site-packages\PyDVT\ColormapSelect.pyc
200 File Copy: c:\Python23\Lib\site-packages\PyDVT\Binding.pyc
200 File Copy: c:\Python23\Lib\site-packages\PyDVT\__init__.pyc
200 File Copy: c:\Python23\Lib\site-packages\periodictable\XrayWidget.pyc
200 File Copy: c:\Python23\Lib\site-packages\periodictable\XrayPT.pyc
200 File Copy: c:\Python23\Lib\site-packages\periodictable\Xray.pyc
200 File Copy: c:\Python23\Lib\site-packages\periodictable\TkTools.pyc
200 File Copy: c:\Python23\Lib\site-packages\periodictable\PeriodicTable.pyc
200 File Copy: c:\Python23\Lib\site-packages\periodictable\__init__.pyc
200 File Copy: c:\Python23\Lib\site-packages\bliss_module\mdi.pyc
200 File Copy: c:\Python23\Lib\site-packages\bliss_module\resources.pyc
200 File Copy: c:\Python23\Lib\site-packages\bliss_module\BlissTkDlgBox.pyc
200 File Copy: c:\Python23\Lib\site-packages\bliss_module\SectionFile.pyc
200 File Copy: c:\Python23\Lib\site-packages\bliss_module\Record.pyc
200 File Copy: c:\Python23\Lib\site-packages\bliss_module\printf2re.pyc
200 File Copy: c:\Python23\Lib\site-packages\bliss_module\except2str.pyc
200 File Copy: c:\Python23\Lib\site-packages\bliss_module\Command.pyc
200 File Copy: c:\Python23\Lib\site-packages\bliss_module\CmdOutput.pyc
200 File Copy: c:\Python23\Lib\site-packages\bliss_module\SimpleRecord.pyc
200 File Copy: c:\Python23\Lib\site-packages\bliss_module\Blt.pyc
200 File Copy: c:\Python23\Lib\site-packages\bliss_module\BltGraph.pyc
200 File Copy: c:\Python23\Lib\site-packages\bliss_module\TableWidget.pyc
200 File Copy: c:\Python23\Lib\site-packages\bliss_module\findFile.pyc
200 File Copy: c:\Python23\Lib\site-packages\bliss_module\__init__.pyc
200 File Copy: c:\Python23\Lib\site-packages\bliss_module\EventHandler.pyc
200 File Copy: c:\Python23\Lib\site-packages\bliss_module\EdfFile.pyc
200 File Copy: c:\Python23\Lib\site-packages\specfit\__init__.pyo
200 File Copy: c:\Python23\Lib\site-packages\specfit\BasicMenu.pyo
200 File Copy: c:\Python23\Lib\site-packages\specfit\TkParameters.pyo
200 File Copy: c:\Python23\Lib\site-packages\specfit\TkMultiparameters.pyo
200 File Copy: c:\Python23\Lib\site-packages\specfit\TkMcaTable.pyo
200 File Copy: c:\Python23\Lib\site-packages\specfit\TextField.pyo
200 File Copy: c:\Python23\Lib\site-packages\specfit\TabSheets.pyo
200 File Copy: c:\Python23\Lib\site-packages\specfit\SpecfitServer.pyo
200 File Copy: c:\Python23\Lib\site-packages\specfit\SpecfitGUI.pyo
200 File Copy: c:\Python23\Lib\site-packages\specfit\SpecfitFunsTest.pyo
200 File Copy: c:\Python23\Lib\site-packages\specfit\SpecfitFunctions.pyo
200 File Copy: c:\Python23\Lib\site-packages\specfit\SpecfitConf.pyo
200 File Copy: c:\Python23\Lib\site-packages\specfit\Specfit.pyo
200 File Copy: c:\Python23\Lib\site-packages\specfit\SpecArithmetic.pyo
200 File Copy: c:\Python23\Lib\site-packages\specfit\ScriptOption.pyo
200 File Copy: c:\Python23\Lib\site-packages\specfit\QScriptOption.pyo
200 File Copy: c:\Python23\Lib\site-packages\specfit\Parameters.pyo
200 File Copy: c:\Python23\Lib\site-packages\specfit\NewTheory.pyo
200 File Copy: c:\Python23\Lib\site-packages\specfit\NewplotServer.pyo
200 File Copy: c:\Python23\Lib\site-packages\specfit\MultiParameters.pyo
200 File Copy: c:\Python23\Lib\site-packages\specfit\McaTable.pyo
200 File Copy: c:\Python23\Lib\site-packages\specfit\GefitDemo.pyo
200 File Copy: c:\Python23\Lib\site-packages\specfit\Gefit.pyo
200 File Copy: c:\Python23\Lib\site-packages\specfit\FitStatusGUI.pyo
200 File Copy: c:\Python23\Lib\site-packages\specfit\FitConfigGUI.pyo
200 File Copy: c:\Python23\Lib\site-packages\specfit\FitActionsGUI.pyo
200 File Copy: c:\Python23\Lib\site-packages\specfit\EntryField.pyo
200 File Copy: c:\Python23\Lib\site-packages\specfit\CheckField.pyo
200 File Copy: c:\Python23\Lib\site-packages\specfit\TkTableParameters.pyo
200 File Copy: c:\Python23\Lib\site-packages\Tree\Tree5.pyo
200 File Copy: c:\Python23\Lib\site-packages\Tree\Tree3.pyo
200 File Copy: c:\Python23\Lib\site-packages\Tree\Tree1.pyo
200 File Copy: c:\Python23\Lib\site-packages\Tree\Tree4.pyo
200 File Copy: c:\Python23\Lib\site-packages\Tree\my-dnd.pyo
200 File Copy: c:\Python23\Lib\site-packages\Tree\treedemo-dnd2.pyo
200 File Copy: c:\Python23\Lib\site-packages\Tree\Tree2.pyo
200 File Copy: c:\Python23\Lib\site-packages\Tree\Tree.pyo
200 File Copy: c:\Python23\Lib\site-packages\Tree\treedemo-icons.pyo
200 File Copy: c:\Python23\Lib\site-packages\Tree\treedemo-dnd.pyo
200 File Copy: c:\Python23\Lib\site-packages\Tree\treedemo-complex.pyo
200 File Copy: c:\Python23\Lib\site-packages\Tree\treedemo-dirs.pyo
200 File Copy: c:\Python23\Lib\site-packages\Tree\__init__.pyo
200 File Copy: c:\Python23\Lib\site-packages\PyDVT\TkBinding\FitParametersDialog.pyo
200 File Copy: c:\Python23\Lib\site-packages\PyDVT\TkBinding\ColormapEditorWidget.pyo
200 File Copy: c:\Python23\Lib\site-packages\PyDVT\TkBinding\Drawable3D.pyo
200 File Copy: c:\Python23\Lib\site-packages\PyDVT\TkBinding\DrawableContour.pyo
200 File Copy: c:\Python23\Lib\site-packages\PyDVT\TkBinding\Binding.pyo
200 File Copy: c:\Python23\Lib\site-packages\PyDVT\TkBinding\Drawable1D.pyo
200 File Copy: c:\Python23\Lib\site-packages\PyDVT\TkBinding\mytkplplot.pyo
200 File Copy: c:\Python23\Lib\site-packages\PyDVT\TkBinding\DrawableTable.pyo
200 File Copy: c:\Python23\Lib\site-packages\PyDVT\TkBinding\__init__.pyo
200 File Copy: c:\Python23\Lib\site-packages\PyDVT\TkBinding\Drawable2D.pyo
200 File Copy: c:\Python23\Lib\site-packages\PyDVT\TkBinding\ExtendedGraphDialogs.pyo
200 File Copy: c:\Python23\Lib\site-packages\PyDVT\TkBinding\tkplplot.pyo
200 File Copy: c:\Python23\Lib\site-packages\PyDVT\TkBinding\Selector.pyo
200 File Copy: c:\Python23\Lib\site-packages\PyDVT\TkBinding\BltGraphProperties.pyo
200 File Copy: c:\Python23\Lib\site-packages\PyDVT\TkBinding\BltGraph.pyo
200 File Copy: c:\Python23\Lib\site-packages\PyDVT\QwtBinding\FitParametersDialog.pyo
200 File Copy: c:\Python23\Lib\site-packages\PyDVT\QwtBinding\__init__.pyo
200 File Copy: c:\Python23\Lib\site-packages\PyDVT\QwtBinding\Drawable2D.pyo
200 File Copy: c:\Python23\Lib\site-packages\PyDVT\QwtBinding\MyPSDraw.pyo
200 File Copy: c:\Python23\Lib\site-packages\PyDVT\QwtBinding\Drawable1D.pyo
200 File Copy: c:\Python23\Lib\site-packages\PyDVT\QwtBinding\Drawable3D.pyo
200 File Copy: c:\Python23\Lib\site-packages\PyDVT\QwtBinding\DrawableContour.pyo
200 File Copy: c:\Python23\Lib\site-packages\PyDVT\QwtBinding\ColormapEditorWidget.pyo
200 File Copy: c:\Python23\Lib\site-packages\PyDVT\QwtBinding\DrawableTable.pyo
200 File Copy: c:\Python23\Lib\site-packages\PyDVT\QwtBinding\Binding.pyo
200 File Copy: c:\Python23\Lib\site-packages\PyDVT\QwtBinding\ExtendedGraphDialogs.pyo
200 File Copy: c:\Python23\Lib\site-packages\PyDVT\QtBinding\BinarySearch.pyo
200 File Copy: c:\Python23\Lib\site-packages\PyDVT\QtBinding\MyPSDraw.pyo
200 File Copy: c:\Python23\Lib\site-packages\PyDVT\QtBinding\FitParametersDialog.pyo
200 File Copy: c:\Python23\Lib\site-packages\PyDVT\QtBinding\__init__.pyo
200 File Copy: c:\Python23\Lib\site-packages\PyDVT\QtBinding\Drawable2D.pyo
200 File Copy: c:\Python23\Lib\site-packages\PyDVT\QtBinding\Drawable3D.pyo
200 File Copy: c:\Python23\Lib\site-packages\PyDVT\QtBinding\Drawable1D.pyo
200 File Copy: c:\Python23\Lib\site-packages\PyDVT\QtBinding\ColormapEditorWidget.pyo
200 File Copy: c:\Python23\Lib\site-packages\PyDVT\QtBinding\DrawableContour.pyo
200 File Copy: c:\Python23\Lib\site-packages\PyDVT\QtBinding\Binding.pyo
200 File Copy: c:\Python23\Lib\site-packages\PyDVT\QtBinding\myqplplot.pyo
200 File Copy: c:\Python23\Lib\site-packages\PyDVT\QtBinding\DrawableTable.pyo
200 File Copy: c:\Python23\Lib\site-packages\PyDVT\QtBinding\qplplot.pyo
200 File Copy: c:\Python23\Lib\site-packages\PyDVT\QtBinding\ExtendedGraphDialogs.pyo
200 File Copy: c:\Python23\Lib\site-packages\PyDVT\GUIBinding\FitParametersDialog.pyo
200 File Copy: c:\Python23\Lib\site-packages\PyDVT\GUIBinding\ExtendedGraphDialogs.pyo
200 File Copy: c:\Python23\Lib\site-packages\PyDVT\GUIBinding\ColormapEditorWidget.pyo
200 File Copy: c:\Python23\Lib\site-packages\PyDVT\GUIBinding\Binding.pyo
200 File Copy: c:\Python23\Lib\site-packages\PyDVT\GUIBinding\DrawableContour.pyo
200 File Copy: c:\Python23\Lib\site-packages\PyDVT\GUIBinding\__init__.pyo
200 File Copy: c:\Python23\Lib\site-packages\PyDVT\GUIBinding\Drawable2D.pyo
200 File Copy: c:\Python23\Lib\site-packages\PyDVT\GUIBinding\DrawableTable.pyo
200 File Copy: c:\Python23\Lib\site-packages\PyDVT\GUIBinding\Drawable3D.pyo
200 File Copy: c:\Python23\Lib\site-packages\PyDVT\GUIBinding\Drawable1D.pyo
200 File Copy: c:\Python23\Lib\site-packages\PyDVT\SciDXPData.pyo
200 File Copy: c:\Python23\Lib\site-packages\PyDVT\BinarySearch.pyo
200 File Copy: c:\Python23\Lib\site-packages\PyDVT\FitFilter.pyo
200 File Copy: c:\Python23\Lib\site-packages\PyDVT\SPSScanGraphFilter.pyo
200 File Copy: c:\Python23\Lib\site-packages\PyDVT\ScanGraphView.pyo
200 File Copy: c:\Python23\Lib\site-packages\PyDVT\Operator.pyo
200 File Copy: c:\Python23\Lib\site-packages\PyDVT\Transf2DFilter.pyo
200 File Copy: c:\Python23\Lib\site-packages\PyDVT\GraphViewSelect.pyo
200 File Copy: c:\Python23\Lib\site-packages\PyDVT\ImageView.pyo
200 File Copy: c:\Python23\Lib\site-packages\PyDVT\TableView.pyo
200 File Copy: c:\Python23\Lib\site-packages\PyDVT\ViewSelect.pyo
200 File Copy: c:\Python23\Lib\site-packages\PyDVT\SPSData.pyo
200 File Copy: c:\Python23\Lib\site-packages\PyDVT\SpecFileData.pyo
200 File Copy: c:\Python23\Lib\site-packages\PyDVT\MeshView.pyo
200 File Copy: c:\Python23\Lib\site-packages\PyDVT\ImageViewSelect.pyo
200 File Copy: c:\Python23\Lib\site-packages\PyDVT\ImageFileData.pyo
200 File Copy: c:\Python23\Lib\site-packages\PyDVT\ExtendedImageView.pyo
200 File Copy: c:\Python23\Lib\site-packages\PyDVT\EdfFileData.pyo
200 File Copy: c:\Python23\Lib\site-packages\PyDVT\View.pyo
200 File Copy: c:\Python23\Lib\site-packages\PyDVT\DataSelection.pyo
200 File Copy: c:\Python23\Lib\site-packages\PyDVT\DataInfoView.pyo
200 File Copy: c:\Python23\Lib\site-packages\PyDVT\Data.pyo
200 File Copy: c:\Python23\Lib\site-packages\PyDVT\GraphView.pyo
200 File Copy: c:\Python23\Lib\site-packages\PyDVT\ExtendedGraphView.pyo
200 File Copy: c:\Python23\Lib\site-packages\PyDVT\Filter.pyo
200 File Copy: c:\Python23\Lib\site-packages\PyDVT\ContourView.pyo
200 File Copy: c:\Python23\Lib\site-packages\PyDVT\ColormapSelect.pyo
200 File Copy: c:\Python23\Lib\site-packages\PyDVT\Binding.pyo
200 File Copy: c:\Python23\Lib\site-packages\PyDVT\__init__.pyo
200 File Copy: c:\Python23\Lib\site-packages\periodictable\XrayWidget.pyo
200 File Copy: c:\Python23\Lib\site-packages\periodictable\XrayPT.pyo
200 File Copy: c:\Python23\Lib\site-packages\periodictable\Xray.pyo
200 File Copy: c:\Python23\Lib\site-packages\periodictable\TkTools.pyo
200 File Copy: c:\Python23\Lib\site-packages\periodictable\PeriodicTable.pyo
200 File Copy: c:\Python23\Lib\site-packages\periodictable\__init__.pyo
200 File Copy: c:\Python23\Lib\site-packages\bliss_module\mdi.pyo
200 File Copy: c:\Python23\Lib\site-packages\bliss_module\resources.pyo
200 File Copy: c:\Python23\Lib\site-packages\bliss_module\BlissTkDlgBox.pyo
200 File Copy: c:\Python23\Lib\site-packages\bliss_module\SectionFile.pyo
200 File Copy: c:\Python23\Lib\site-packages\bliss_module\Record.pyo
200 File Copy: c:\Python23\Lib\site-packages\bliss_module\printf2re.pyo
200 File Copy: c:\Python23\Lib\site-packages\bliss_module\except2str.pyo
200 File Copy: c:\Python23\Lib\site-packages\bliss_module\Command.pyo
200 File Copy: c:\Python23\Lib\site-packages\bliss_module\CmdOutput.pyo
200 File Copy: c:\Python23\Lib\site-packages\bliss_module\SimpleRecord.pyo
200 File Copy: c:\Python23\Lib\site-packages\bliss_module\Blt.pyo
200 File Copy: c:\Python23\Lib\site-packages\bliss_module\BltGraph.pyo
200 File Copy: c:\Python23\Lib\site-packages\bliss_module\TableWidget.pyo
200 File Copy: c:\Python23\Lib\site-packages\bliss_module\findFile.pyo
200 File Copy: c:\Python23\Lib\site-packages\bliss_module\__init__.pyo
200 File Copy: c:\Python23\Lib\site-packages\bliss_module\EventHandler.pyo
200 File Copy: c:\Python23\Lib\site-packages\bliss_module\EdfFile.pyo
*** Installation started 2017/10/19 11:44 ***
Source: c:\beckup\DASY_V5-WIN_INSTALL\PYTHON-Software\bliss_modules-0.0.0.win32.exe
040 Reg DB Value: [Software\Microsoft\Windows\CurrentVersion\Uninstall\bliss_modules-py2.3]DisplayName=Python 2.3 bliss_modules-0.0.0
040 Reg DB Value: [Software\Microsoft\Windows\CurrentVersion\Uninstall\bliss_modules-py2.3]UninstallString="c:\Python23\Removebliss_modules.exe" -u "c:\Python23\bliss_modules-wininst.log"
200 File Copy: c:\Python23\Lib\site-packages\bliss_module\EdfFile.py
200 File Copy: c:\Python23\Lib\site-packages\bliss_module\EventHandler.py
200 File Copy: c:\Python23\Lib\site-packages\bliss_module\__init__.py
200 File Copy: c:\Python23\Lib\site-packages\bliss_module\findFile.py
200 File Copy: c:\Python23\Lib\site-packages\bliss_module\TableWidget.py
200 File Copy: c:\Python23\Lib\site-packages\bliss_module\BltGraph.py
200 File Copy: c:\Python23\Lib\site-packages\bliss_module\Blt.py
200 File Copy: c:\Python23\Lib\site-packages\bliss_module\SimpleRecord.py
200 File Copy: c:\Python23\Lib\site-packages\bliss_module\CmdOutput.py
200 File Copy: c:\Python23\Lib\site-packages\bliss_module\Command.py
200 File Copy: c:\Python23\Lib\site-packages\bliss_module\except2str.py
200 File Copy: c:\Python23\Lib\site-packages\bliss_module\printf2re.py
200 File Copy: c:\Python23\Lib\site-packages\bliss_module\Record.py
200 File Copy: c:\Python23\Lib\site-packages\bliss_module\SectionFile.py
200 File Copy: c:\Python23\Lib\site-packages\bliss_module\BlissTkDlgBox.py
200 File Copy: c:\Python23\Lib\site-packages\bliss_module\resources.py
200 File Copy: c:\Python23\Lib\site-packages\bliss_module\mdi.py
200 File Copy: c:\Python23\Lib\site-packages\periodictable\__init__.py
200 File Copy: c:\Python23\Lib\site-packages\periodictable\PeriodicTable.py
200 File Copy: c:\Python23\Lib\site-packages\periodictable\TkTools.py
200 File Copy: c:\Python23\Lib\site-packages\periodictable\Xray.py
200 File Copy: c:\Python23\Lib\site-packages\periodictable\XrayPT.py
200 File Copy: c:\Python23\Lib\site-packages\periodictable\XrayWidget.py
200 File Copy: c:\Python23\Lib\site-packages\PyDVT\__init__.py
200 File Copy: c:\Python23\Lib\site-packages\PyDVT\Binding.py
200 File Copy: c:\Python23\Lib\site-packages\PyDVT\ColormapSelect.py
200 File Copy: c:\Python23\Lib\site-packages\PyDVT\ContourView.py
200 File Copy: c:\Python23\Lib\site-packages\PyDVT\Filter.py
200 File Copy: c:\Python23\Lib\site-packages\PyDVT\ExtendedGraphView.py
200 File Copy: c:\Python23\Lib\site-packages\PyDVT\GraphView.py
200 File Copy: c:\Python23\Lib\site-packages\PyDVT\Data.py
200 File Copy: c:\Python23\Lib\site-packages\PyDVT\DataInfoView.py
200 File Copy: c:\Python23\Lib\site-packages\PyDVT\DataSelection.py
200 File Copy: c:\Python23\Lib\site-packages\PyDVT\View.py
200 File Copy: c:\Python23\Lib\site-packages\PyDVT\EdfFileData.py
200 File Copy: c:\Python23\Lib\site-packages\PyDVT\ExtendedImageView.py
200 File Copy: c:\Python23\Lib\site-packages\PyDVT\ImageFileData.py
200 File Copy: c:\Python23\Lib\site-packages\PyDVT\ImageViewSelect.py
200 File Copy: c:\Python23\Lib\site-packages\PyDVT\MeshView.py
200 File Copy: c:\Python23\Lib\site-packages\PyDVT\SpecFileData.py
200 File Copy: c:\Python23\Lib\site-packages\PyDVT\SPSData.py
200 File Copy: c:\Python23\Lib\site-packages\PyDVT\ViewSelect.py
200 File Copy: c:\Python23\Lib\site-packages\PyDVT\TableView.py
200 File Copy: c:\Python23\Lib\site-packages\PyDVT\ImageView.py
200 File Copy: c:\Python23\Lib\site-packages\PyDVT\GraphViewSelect.py
200 File Copy: c:\Python23\Lib\site-packages\PyDVT\Transf2DFilter.py
200 File Copy: c:\Python23\Lib\site-packages\PyDVT\Operator.py
200 File Copy: c:\Python23\Lib\site-packages\PyDVT\ScanGraphView.py
200 File Copy: c:\Python23\Lib\site-packages\PyDVT\SPSScanGraphFilter.py
200 File Copy: c:\Python23\Lib\site-packages\PyDVT\FitFilter.py
200 File Copy: c:\Python23\Lib\site-packages\PyDVT\BinarySearch.py
200 File Copy: c:\Python23\Lib\site-packages\PyDVT\SciDXPData.py
200 File Copy: c:\Python23\Lib\site-packages\PyDVT\GUIBinding\Drawable1D.py
200 File Copy: c:\Python23\Lib\site-packages\PyDVT\GUIBinding\Drawable3D.py
200 File Copy: c:\Python23\Lib\site-packages\PyDVT\GUIBinding\DrawableTable.py
200 File Copy: c:\Python23\Lib\site-packages\PyDVT\GUIBinding\Drawable2D.py
200 File Copy: c:\Python23\Lib\site-packages\PyDVT\GUIBinding\__init__.py
200 File Copy: c:\Python23\Lib\site-packages\PyDVT\GUIBinding\DrawableContour.py
200 File Copy: c:\Python23\Lib\site-packages\PyDVT\GUIBinding\Binding.py
200 File Copy: c:\Python23\Lib\site-packages\PyDVT\GUIBinding\ColormapEditorWidget.py
200 File Copy: c:\Python23\Lib\site-packages\PyDVT\GUIBinding\ExtendedGraphDialogs.py
200 File Copy: c:\Python23\Lib\site-packages\PyDVT\GUIBinding\FitParametersDialog.py
200 File Copy: c:\Python23\Lib\site-packages\PyDVT\QtBinding\ExtendedGraphDialogs.py
200 File Copy: c:\Python23\Lib\site-packages\PyDVT\QtBinding\qplplot.py
200 File Copy: c:\Python23\Lib\site-packages\PyDVT\QtBinding\DrawableTable.py
200 File Copy: c:\Python23\Lib\site-packages\PyDVT\QtBinding\myqplplot.py
200 File Copy: c:\Python23\Lib\site-packages\PyDVT\QtBinding\Binding.py
200 File Copy: c:\Python23\Lib\site-packages\PyDVT\QtBinding\DrawableContour.py
200 File Copy: c:\Python23\Lib\site-packages\PyDVT\QtBinding\ColormapEditorWidget.py
200 File Copy: c:\Python23\Lib\site-packages\PyDVT\QtBinding\Drawable1D.py
200 File Copy: c:\Python23\Lib\site-packages\PyDVT\QtBinding\Drawable3D.py
200 File Copy: c:\Python23\Lib\site-packages\PyDVT\QtBinding\Drawable2D.py
200 File Copy: c:\Python23\Lib\site-packages\PyDVT\QtBinding\__init__.py
200 File Copy: c:\Python23\Lib\site-packages\PyDVT\QtBinding\FitParametersDialog.py
200 File Copy: c:\Python23\Lib\site-packages\PyDVT\QtBinding\MyPSDraw.py
200 File Copy: c:\Python23\Lib\site-packages\PyDVT\QtBinding\BinarySearch.py
200 File Copy: c:\Python23\Lib\site-packages\PyDVT\QwtBinding\ExtendedGraphDialogs.py
200 File Copy: c:\Python23\Lib\site-packages\PyDVT\QwtBinding\Binding.py
200 File Copy: c:\Python23\Lib\site-packages\PyDVT\QwtBinding\DrawableTable.py
200 File Copy: c:\Python23\Lib\site-packages\PyDVT\QwtBinding\ColormapEditorWidget.py
200 File Copy: c:\Python23\Lib\site-packages\PyDVT\QwtBinding\DrawableContour.py
200 File Copy: c:\Python23\Lib\site-packages\PyDVT\QwtBinding\Drawable3D.py
200 File Copy: c:\Python23\Lib\site-packages\PyDVT\QwtBinding\Drawable1D.py
200 File Copy: c:\Python23\Lib\site-packages\PyDVT\QwtBinding\MyPSDraw.py
200 File Copy: c:\Python23\Lib\site-packages\PyDVT\QwtBinding\Drawable2D.py
200 File Copy: c:\Python23\Lib\site-packages\PyDVT\QwtBinding\__init__.py
200 File Copy: c:\Python23\Lib\site-packages\PyDVT\QwtBinding\FitParametersDialog.py
200 File Copy: c:\Python23\Lib\site-packages\PyDVT\TkBinding\BltGraph.py
200 File Copy: c:\Python23\Lib\site-packages\PyDVT\TkBinding\BltGraphProperties.py
200 File Copy: c:\Python23\Lib\site-packages\PyDVT\TkBinding\Selector.py
200 File Copy: c:\Python23\Lib\site-packages\PyDVT\TkBinding\tkplplot.py
200 File Copy: c:\Python23\Lib\site-packages\PyDVT\TkBinding\ExtendedGraphDialogs.py
200 File Copy: c:\Python23\Lib\site-packages\PyDVT\TkBinding\Drawable2D.py
200 File Copy: c:\Python23\Lib\site-packages\PyDVT\TkBinding\__init__.py
200 File Copy: c:\Python23\Lib\site-packages\PyDVT\TkBinding\DrawableTable.py
200 File Copy: c:\Python23\Lib\site-packages\PyDVT\TkBinding\mytkplplot.py
200 File Copy: c:\Python23\Lib\site-packages\PyDVT\TkBinding\Drawable1D.py
200 File Copy: c:\Python23\Lib\site-packages\PyDVT\TkBinding\Binding.py
200 File Copy: c:\Python23\Lib\site-packages\PyDVT\TkBinding\DrawableContour.py
200 File Copy: c:\Python23\Lib\site-packages\PyDVT\TkBinding\Drawable3D.py
200 File Copy: c:\Python23\Lib\site-packages\PyDVT\TkBinding\ColormapEditorWidget.py
200 File Copy: c:\Python23\Lib\site-packages\PyDVT\TkBinding\FitParametersDialog.py
200 File Copy: c:\Python23\Lib\site-packages\Tree\__init__.py
200 File Copy: c:\Python23\Lib\site-packages\Tree\treedemo-dirs.py
200 File Copy: c:\Python23\Lib\site-packages\Tree\treedemo-complex.py
200 File Copy: c:\Python23\Lib\site-packages\Tree\treedemo-dnd.py
200 File Copy: c:\Python23\Lib\site-packages\Tree\treedemo-icons.py
200 File Copy: c:\Python23\Lib\site-packages\Tree\Tree.py
200 File Copy: c:\Python23\Lib\site-packages\Tree\Tree2.py
200 File Copy: c:\Python23\Lib\site-packages\Tree\treedemo-dnd2.py
200 File Copy: c:\Python23\Lib\site-packages\Tree\my-dnd.py
200 File Copy: c:\Python23\Lib\site-packages\Tree\Tree4.py
200 File Copy: c:\Python23\Lib\site-packages\Tree\Tree1.py
200 File Copy: c:\Python23\Lib\site-packages\Tree\Tree3.py
200 File Copy: c:\Python23\Lib\site-packages\Tree\Tree5.py
200 File Copy: c:\Python23\Lib\site-packages\specfit\TkTableParameters.py
200 File Copy: c:\Python23\Lib\site-packages\specfit\CheckField.py
200 File Copy: c:\Python23\Lib\site-packages\specfit\EntryField.py
200 File Copy: c:\Python23\Lib\site-packages\specfit\FitActionsGUI.py
200 File Copy: c:\Python23\Lib\site-packages\specfit\FitConfigGUI.py
200 File Copy: c:\Python23\Lib\site-packages\specfit\FitStatusGUI.py
200 File Copy: c:\Python23\Lib\site-packages\specfit\Gefit.py
200 File Copy: c:\Python23\Lib\site-packages\specfit\GefitDemo.py
200 File Copy: c:\Python23\Lib\site-packages\specfit\McaTable.py
200 File Copy: c:\Python23\Lib\site-packages\specfit\MultiParameters.py
200 File Copy: c:\Python23\Lib\site-packages\specfit\NewplotServer.py
200 File Copy: c:\Python23\Lib\site-packages\specfit\NewTheory.py
200 File Copy: c:\Python23\Lib\site-packages\specfit\Parameters.py
200 File Copy: c:\Python23\Lib\site-packages\specfit\QScriptOption.py
200 File Copy: c:\Python23\Lib\site-packages\specfit\ScriptOption.py
200 File Copy: c:\Python23\Lib\site-packages\specfit\SpecArithmetic.py
200 File Copy: c:\Python23\Lib\site-packages\specfit\Specfit.py
200 File Copy: c:\Python23\Lib\site-packages\specfit\SpecfitConf.py
200 File Copy: c:\Python23\Lib\site-packages\specfit\SpecfitFunctions.py
200 File Copy: c:\Python23\Lib\site-packages\specfit\SpecfitFunsTest.py
200 File Copy: c:\Python23\Lib\site-packages\specfit\SpecfitGUI.py
200 File Copy: c:\Python23\Lib\site-packages\specfit\SpecfitServer.py
200 File Copy: c:\Python23\Lib\site-packages\specfit\TabSheets.py
200 File Copy: c:\Python23\Lib\site-packages\specfit\TextField.py
200 File Copy: c:\Python23\Lib\site-packages\specfit\TkMcaTable.py
200 File Copy: c:\Python23\Lib\site-packages\specfit\TkMultiparameters.py
200 File Copy: c:\Python23\Lib\site-packages\specfit\TkParameters.py
200 File Copy: c:\Python23\Lib\site-packages\specfit\BasicMenu.py
200 File Copy: c:\Python23\Lib\site-packages\specfit\__init__.py
200 File Copy: c:\Python23\Lib\site-packages\periodictable.pth
200 File Copy: c:\Python23\Lib\site-packages\Tree.pth
200 File Copy: c:\Python23\Lib\site-packages\bliss_module.pth
200 File Copy: c:\Python23\Lib\site-packages\periodictable\emi.dat
200 File Copy: c:\Python23\Lib\site-packages\periodictable\Xray.dat
200 File Copy: c:\Python23\Lib\site-packages\PyDVT\LICENSE
200 File Copy: c:\Python23\Lib\site-packages\Tree\open.gif
200 File Copy: c:\Python23\Lib\site-packages\Tree\close.gif
200 File Copy: c:\Python23\Lib\site-packages\Tree\file1.gif
200 File Copy: c:\Python23\Lib\site-packages\Tree\file2.gif
200 File Copy: c:\Python23\Lib\site-packages\Tree\file3.gif
200 File Copy: c:\Python23\Lib\site-packages\Tree\tree-profile
200 File Copy: c:\Python23\Lib\site-packages\Tree\dir1\file122
200 File Copy: c:\Python23\Lib\site-packages\Tree\dir1\dir12\file112
200 File Copy: c:\Python23\Lib\site-packages\Tree\dir2\file122
200 File Copy: c:\Python23\Lib\site-packages\Tree\dir2\file111
200 File Copy: c:\Python23\Lib\site-packages\Tree\dir3\file31
200 File Copy: c:\Python23\Lib\site-packages\bliss_module\spslut.pyd
200 File Copy: c:\Python23\Lib\site-packages\bliss_module\pyqt_pl.pyd
200 File Copy: c:\Python23\Lib\site-packages\bliss_module\pl.pyd
200 File Copy: c:\Python23\Lib\site-packages\bliss_module\lib\plstnd5.fnt
200 File Copy: c:\Python23\Lib\site-packages\bliss_module\lib\plxtnd5.fnt
200 File Copy: c:\Python23\Lib\site-packages\specfit\__init__.pyc
200 File Copy: c:\Python23\Lib\site-packages\specfit\BasicMenu.pyc
200 File Copy: c:\Python23\Lib\site-packages\specfit\TkParameters.pyc
200 File Copy: c:\Python23\Lib\site-packages\specfit\TkMultiparameters.pyc
200 File Copy: c:\Python23\Lib\site-packages\specfit\TkMcaTable.pyc
200 File Copy: c:\Python23\Lib\site-packages\specfit\TextField.pyc
200 File Copy: c:\Python23\Lib\site-packages\specfit\TabSheets.pyc
200 File Copy: c:\Python23\Lib\site-packages\specfit\SpecfitServer.pyc
200 File Copy: c:\Python23\Lib\site-packages\specfit\SpecfitGUI.pyc
200 File Copy: c:\Python23\Lib\site-packages\specfit\SpecfitFunsTest.pyc
200 File Copy: c:\Python23\Lib\site-packages\specfit\SpecfitFunctions.pyc
200 File Copy: c:\Python23\Lib\site-packages\specfit\SpecfitConf.pyc
200 File Copy: c:\Python23\Lib\site-packages\specfit\Specfit.pyc
200 File Copy: c:\Python23\Lib\site-packages\specfit\SpecArithmetic.pyc
200 File Copy: c:\Python23\Lib\site-packages\specfit\ScriptOption.pyc
200 File Copy: c:\Python23\Lib\site-packages\specfit\QScriptOption.pyc
200 File Copy: c:\Python23\Lib\site-packages\specfit\Parameters.pyc
200 File Copy: c:\Python23\Lib\site-packages\specfit\NewTheory.pyc
200 File Copy: c:\Python23\Lib\site-packages\specfit\NewplotServer.pyc
200 File Copy: c:\Python23\Lib\site-packages\specfit\MultiParameters.pyc
200 File Copy: c:\Python23\Lib\site-packages\specfit\McaTable.pyc
200 File Copy: c:\Python23\Lib\site-packages\specfit\GefitDemo.pyc
200 File Copy: c:\Python23\Lib\site-packages\specfit\Gefit.pyc
200 File Copy: c:\Python23\Lib\site-packages\specfit\FitStatusGUI.pyc
200 File Copy: c:\Python23\Lib\site-packages\specfit\FitConfigGUI.pyc
200 File Copy: c:\Python23\Lib\site-packages\specfit\FitActionsGUI.pyc
200 File Copy: c:\Python23\Lib\site-packages\specfit\EntryField.pyc
200 File Copy: c:\Python23\Lib\site-packages\specfit\CheckField.pyc
200 File Copy: c:\Python23\Lib\site-packages\specfit\TkTableParameters.pyc
200 File Copy: c:\Python23\Lib\site-packages\Tree\Tree5.pyc
200 File Copy: c:\Python23\Lib\site-packages\Tree\Tree3.pyc
200 File Copy: c:\Python23\Lib\site-packages\Tree\Tree1.pyc
200 File Copy: c:\Python23\Lib\site-packages\Tree\Tree4.pyc
200 File Copy: c:\Python23\Lib\site-packages\Tree\my-dnd.pyc
200 File Copy: c:\Python23\Lib\site-packages\Tree\treedemo-dnd2.pyc
200 File Copy: c:\Python23\Lib\site-packages\Tree\Tree2.pyc
200 File Copy: c:\Python23\Lib\site-packages\Tree\Tree.pyc
200 File Copy: c:\Python23\Lib\site-packages\Tree\treedemo-icons.pyc
200 File Copy: c:\Python23\Lib\site-packages\Tree\treedemo-dnd.pyc
200 File Copy: c:\Python23\Lib\site-packages\Tree\treedemo-complex.pyc
200 File Copy: c:\Python23\Lib\site-packages\Tree\treedemo-dirs.pyc
200 File Copy: c:\Python23\Lib\site-packages\Tree\__init__.pyc
200 File Copy: c:\Python23\Lib\site-packages\PyDVT\TkBinding\FitParametersDialog.pyc
200 File Copy: c:\Python23\Lib\site-packages\PyDVT\TkBinding\ColormapEditorWidget.pyc
200 File Copy: c:\Python23\Lib\site-packages\PyDVT\TkBinding\Drawable3D.pyc
200 File Copy: c:\Python23\Lib\site-packages\PyDVT\TkBinding\DrawableContour.pyc
200 File Copy: c:\Python23\Lib\site-packages\PyDVT\TkBinding\Binding.pyc
200 File Copy: c:\Python23\Lib\site-packages\PyDVT\TkBinding\Drawable1D.pyc
200 File Copy: c:\Python23\Lib\site-packages\PyDVT\TkBinding\mytkplplot.pyc
200 File Copy: c:\Python23\Lib\site-packages\PyDVT\TkBinding\DrawableTable.pyc
200 File Copy: c:\Python23\Lib\site-packages\PyDVT\TkBinding\__init__.pyc
200 File Copy: c:\Python23\Lib\site-packages\PyDVT\TkBinding\Drawable2D.pyc
200 File Copy: c:\Python23\Lib\site-packages\PyDVT\TkBinding\ExtendedGraphDialogs.pyc
200 File Copy: c:\Python23\Lib\site-packages\PyDVT\TkBinding\tkplplot.pyc
200 File Copy: c:\Python23\Lib\site-packages\PyDVT\TkBinding\Selector.pyc
200 File Copy: c:\Python23\Lib\site-packages\PyDVT\TkBinding\BltGraphProperties.pyc
200 File Copy: c:\Python23\Lib\site-packages\PyDVT\TkBinding\BltGraph.pyc
200 File Copy: c:\Python23\Lib\site-packages\PyDVT\QwtBinding\FitParametersDialog.pyc
200 File Copy: c:\Python23\Lib\site-packages\PyDVT\QwtBinding\__init__.pyc
200 File Copy: c:\Python23\Lib\site-packages\PyDVT\QwtBinding\Drawable2D.pyc
200 File Copy: c:\Python23\Lib\site-packages\PyDVT\QwtBinding\MyPSDraw.pyc
200 File Copy: c:\Python23\Lib\site-packages\PyDVT\QwtBinding\Drawable1D.pyc
200 File Copy: c:\Python23\Lib\site-packages\PyDVT\QwtBinding\Drawable3D.pyc
200 File Copy: c:\Python23\Lib\site-packages\PyDVT\QwtBinding\DrawableContour.pyc
200 File Copy: c:\Python23\Lib\site-packages\PyDVT\QwtBinding\ColormapEditorWidget.pyc
200 File Copy: c:\Python23\Lib\site-packages\PyDVT\QwtBinding\DrawableTable.pyc
200 File Copy: c:\Python23\Lib\site-packages\PyDVT\QwtBinding\Binding.pyc
200 File Copy: c:\Python23\Lib\site-packages\PyDVT\QwtBinding\ExtendedGraphDialogs.pyc
200 File Copy: c:\Python23\Lib\site-packages\PyDVT\QtBinding\BinarySearch.pyc
200 File Copy: c:\Python23\Lib\site-packages\PyDVT\QtBinding\MyPSDraw.pyc
200 File Copy: c:\Python23\Lib\site-packages\PyDVT\QtBinding\FitParametersDialog.pyc
200 File Copy: c:\Python23\Lib\site-packages\PyDVT\QtBinding\__init__.pyc
200 File Copy: c:\Python23\Lib\site-packages\PyDVT\QtBinding\Drawable2D.pyc
200 File Copy: c:\Python23\Lib\site-packages\PyDVT\QtBinding\Drawable3D.pyc
200 File Copy: c:\Python23\Lib\site-packages\PyDVT\QtBinding\Drawable1D.pyc
200 File Copy: c:\Python23\Lib\site-packages\PyDVT\QtBinding\ColormapEditorWidget.pyc
200 File Copy: c:\Python23\Lib\site-packages\PyDVT\QtBinding\DrawableContour.pyc
200 File Copy: c:\Python23\Lib\site-packages\PyDVT\QtBinding\Binding.pyc
200 File Copy: c:\Python23\Lib\site-packages\PyDVT\QtBinding\myqplplot.pyc
200 File Copy: c:\Python23\Lib\site-packages\PyDVT\QtBinding\DrawableTable.pyc
200 File Copy: c:\Python23\Lib\site-packages\PyDVT\QtBinding\qplplot.pyc
200 File Copy: c:\Python23\Lib\site-packages\PyDVT\QtBinding\ExtendedGraphDialogs.pyc
200 File Copy: c:\Python23\Lib\site-packages\PyDVT\GUIBinding\FitParametersDialog.pyc
200 File Copy: c:\Python23\Lib\site-packages\PyDVT\GUIBinding\ExtendedGraphDialogs.pyc
200 File Copy: c:\Python23\Lib\site-packages\PyDVT\GUIBinding\ColormapEditorWidget.pyc
200 File Copy: c:\Python23\Lib\site-packages\PyDVT\GUIBinding\Binding.pyc
200 File Copy: c:\Python23\Lib\site-packages\PyDVT\GUIBinding\DrawableContour.pyc
200 File Copy: c:\Python23\Lib\site-packages\PyDVT\GUIBinding\__init__.pyc
200 File Copy: c:\Python23\Lib\site-packages\PyDVT\GUIBinding\Drawable2D.pyc
200 File Copy: c:\Python23\Lib\site-packages\PyDVT\GUIBinding\DrawableTable.pyc
200 File Copy: c:\Python23\Lib\site-packages\PyDVT\GUIBinding\Drawable3D.pyc
200 File Copy: c:\Python23\Lib\site-packages\PyDVT\GUIBinding\Drawable1D.pyc
200 File Copy: c:\Python23\Lib\site-packages\PyDVT\SciDXPData.pyc
200 File Copy: c:\Python23\Lib\site-packages\PyDVT\BinarySearch.pyc
200 File Copy: c:\Python23\Lib\site-packages\PyDVT\FitFilter.pyc
200 File Copy: c:\Python23\Lib\site-packages\PyDVT\SPSScanGraphFilter.pyc
200 File Copy: c:\Python23\Lib\site-packages\PyDVT\ScanGraphView.pyc
200 File Copy: c:\Python23\Lib\site-packages\PyDVT\Operator.pyc
200 File Copy: c:\Python23\Lib\site-packages\PyDVT\Transf2DFilter.pyc
200 File Copy: c:\Python23\Lib\site-packages\PyDVT\GraphViewSelect.pyc
200 File Copy: c:\Python23\Lib\site-packages\PyDVT\ImageView.pyc
200 File Copy: c:\Python23\Lib\site-packages\PyDVT\TableView.pyc
200 File Copy: c:\Python23\Lib\site-packages\PyDVT\ViewSelect.pyc
200 File Copy: c:\Python23\Lib\site-packages\PyDVT\SPSData.pyc
200 File Copy: c:\Python23\Lib\site-packages\PyDVT\SpecFileData.pyc
200 File Copy: c:\Python23\Lib\site-packages\PyDVT\MeshView.pyc
200 File Copy: c:\Python23\Lib\site-packages\PyDVT\ImageViewSelect.pyc
200 File Copy: c:\Python23\Lib\site-packages\PyDVT\ImageFileData.pyc
200 File Copy: c:\Python23\Lib\site-packages\PyDVT\ExtendedImageView.pyc
200 File Copy: c:\Python23\Lib\site-packages\PyDVT\EdfFileData.pyc
200 File Copy: c:\Python23\Lib\site-packages\PyDVT\View.pyc
200 File Copy: c:\Python23\Lib\site-packages\PyDVT\DataSelection.pyc
200 File Copy: c:\Python23\Lib\site-packages\PyDVT\DataInfoView.pyc
200 File Copy: c:\Python23\Lib\site-packages\PyDVT\Data.pyc
200 File Copy: c:\Python23\Lib\site-packages\PyDVT\GraphView.pyc
200 File Copy: c:\Python23\Lib\site-packages\PyDVT\ExtendedGraphView.pyc
200 File Copy: c:\Python23\Lib\site-packages\PyDVT\Filter.pyc
200 File Copy: c:\Python23\Lib\site-packages\PyDVT\ContourView.pyc
200 File Copy: c:\Python23\Lib\site-packages\PyDVT\ColormapSelect.pyc
200 File Copy: c:\Python23\Lib\site-packages\PyDVT\Binding.pyc
200 File Copy: c:\Python23\Lib\site-packages\PyDVT\__init__.pyc
200 File Copy: c:\Python23\Lib\site-packages\periodictable\XrayWidget.pyc
200 File Copy: c:\Python23\Lib\site-packages\periodictable\XrayPT.pyc
200 File Copy: c:\Python23\Lib\site-packages\periodictable\Xray.pyc
200 File Copy: c:\Python23\Lib\site-packages\periodictable\TkTools.pyc
200 File Copy: c:\Python23\Lib\site-packages\periodictable\PeriodicTable.pyc
200 File Copy: c:\Python23\Lib\site-packages\periodictable\__init__.pyc
200 File Copy: c:\Python23\Lib\site-packages\bliss_module\mdi.pyc
200 File Copy: c:\Python23\Lib\site-packages\bliss_module\resources.pyc
200 File Copy: c:\Python23\Lib\site-packages\bliss_module\BlissTkDlgBox.pyc
200 File Copy: c:\Python23\Lib\site-packages\bliss_module\SectionFile.pyc
200 File Copy: c:\Python23\Lib\site-packages\bliss_module\Record.pyc
200 File Copy: c:\Python23\Lib\site-packages\bliss_module\printf2re.pyc
200 File Copy: c:\Python23\Lib\site-packages\bliss_module\except2str.pyc
200 File Copy: c:\Python23\Lib\site-packages\bliss_module\Command.pyc
200 File Copy: c:\Python23\Lib\site-packages\bliss_module\CmdOutput.pyc
200 File Copy: c:\Python23\Lib\site-packages\bliss_module\SimpleRecord.pyc
200 File Copy: c:\Python23\Lib\site-packages\bliss_module\Blt.pyc
200 File Copy: c:\Python23\Lib\site-packages\bliss_module\BltGraph.pyc
200 File Copy: c:\Python23\Lib\site-packages\bliss_module\TableWidget.pyc
200 File Copy: c:\Python23\Lib\site-packages\bliss_module\findFile.pyc
200 File Copy: c:\Python23\Lib\site-packages\bliss_module\__init__.pyc
200 File Copy: c:\Python23\Lib\site-packages\bliss_module\EventHandler.pyc
200 File Copy: c:\Python23\Lib\site-packages\bliss_module\EdfFile.pyc
200 File Copy: c:\Python23\Lib\site-packages\specfit\__init__.pyo
200 File Copy: c:\Python23\Lib\site-packages\specfit\BasicMenu.pyo
200 File Copy: c:\Python23\Lib\site-packages\specfit\TkParameters.pyo
200 File Copy: c:\Python23\Lib\site-packages\specfit\TkMultiparameters.pyo
200 File Copy: c:\Python23\Lib\site-packages\specfit\TkMcaTable.pyo
200 File Copy: c:\Python23\Lib\site-packages\specfit\TextField.pyo
200 File Copy: c:\Python23\Lib\site-packages\specfit\TabSheets.pyo
200 File Copy: c:\Python23\Lib\site-packages\specfit\SpecfitServer.pyo
200 File Copy: c:\Python23\Lib\site-packages\specfit\SpecfitGUI.pyo
200 File Copy: c:\Python23\Lib\site-packages\specfit\SpecfitFunsTest.pyo
200 File Copy: c:\Python23\Lib\site-packages\specfit\SpecfitFunctions.pyo
200 File Copy: c:\Python23\Lib\site-packages\specfit\SpecfitConf.pyo
200 File Copy: c:\Python23\Lib\site-packages\specfit\Specfit.pyo
200 File Copy: c:\Python23\Lib\site-packages\specfit\SpecArithmetic.pyo
200 File Copy: c:\Python23\Lib\site-packages\specfit\ScriptOption.pyo
200 File Copy: c:\Python23\Lib\site-packages\specfit\QScriptOption.pyo
200 File Copy: c:\Python23\Lib\site-packages\specfit\Parameters.pyo
200 File Copy: c:\Python23\Lib\site-packages\specfit\NewTheory.pyo
200 File Copy: c:\Python23\Lib\site-packages\specfit\NewplotServer.pyo
200 File Copy: c:\Python23\Lib\site-packages\specfit\MultiParameters.pyo
200 File Copy: c:\Python23\Lib\site-packages\specfit\McaTable.pyo
200 File Copy: c:\Python23\Lib\site-packages\specfit\GefitDemo.pyo
200 File Copy: c:\Python23\Lib\site-packages\specfit\Gefit.pyo
200 File Copy: c:\Python23\Lib\site-packages\specfit\FitStatusGUI.pyo
200 File Copy: c:\Python23\Lib\site-packages\specfit\FitConfigGUI.pyo
200 File Copy: c:\Python23\Lib\site-packages\specfit\FitActionsGUI.pyo
200 File Copy: c:\Python23\Lib\site-packages\specfit\EntryField.pyo
200 File Copy: c:\Python23\Lib\site-packages\specfit\CheckField.pyo
200 File Copy: c:\Python23\Lib\site-packages\specfit\TkTableParameters.pyo
200 File Copy: c:\Python23\Lib\site-packages\Tree\Tree5.pyo
200 File Copy: c:\Python23\Lib\site-packages\Tree\Tree3.pyo
200 File Copy: c:\Python23\Lib\site-packages\Tree\Tree1.pyo
200 File Copy: c:\Python23\Lib\site-packages\Tree\Tree4.pyo
200 File Copy: c:\Python23\Lib\site-packages\Tree\my-dnd.pyo
200 File Copy: c:\Python23\Lib\site-packages\Tree\treedemo-dnd2.pyo
200 File Copy: c:\Python23\Lib\site-packages\Tree\Tree2.pyo
200 File Copy: c:\Python23\Lib\site-packages\Tree\Tree.pyo
200 File Copy: c:\Python23\Lib\site-packages\Tree\treedemo-icons.pyo
200 File Copy: c:\Python23\Lib\site-packages\Tree\treedemo-dnd.pyo
200 File Copy: c:\Python23\Lib\site-packages\Tree\treedemo-complex.pyo
200 File Copy: c:\Python23\Lib\site-packages\Tree\treedemo-dirs.pyo
200 File Copy: c:\Python23\Lib\site-packages\Tree\__init__.pyo
200 File Copy: c:\Python23\Lib\site-packages\PyDVT\TkBinding\FitParametersDialog.pyo
200 File Copy: c:\Python23\Lib\site-packages\PyDVT\TkBinding\ColormapEditorWidget.pyo
200 File Copy: c:\Python23\Lib\site-packages\PyDVT\TkBinding\Drawable3D.pyo
200 File Copy: c:\Python23\Lib\site-packages\PyDVT\TkBinding\DrawableContour.pyo
200 File Copy: c:\Python23\Lib\site-packages\PyDVT\TkBinding\Binding.pyo
200 File Copy: c:\Python23\Lib\site-packages\PyDVT\TkBinding\Drawable1D.pyo
200 File Copy: c:\Python23\Lib\site-packages\PyDVT\TkBinding\mytkplplot.pyo
200 File Copy: c:\Python23\Lib\site-packages\PyDVT\TkBinding\DrawableTable.pyo
200 File Copy: c:\Python23\Lib\site-packages\PyDVT\TkBinding\__init__.pyo
200 File Copy: c:\Python23\Lib\site-packages\PyDVT\TkBinding\Drawable2D.pyo
200 File Copy: c:\Python23\Lib\site-packages\PyDVT\TkBinding\ExtendedGraphDialogs.pyo
200 File Copy: c:\Python23\Lib\site-packages\PyDVT\TkBinding\tkplplot.pyo
200 File Copy: c:\Python23\Lib\site-packages\PyDVT\TkBinding\Selector.pyo
200 File Copy: c:\Python23\Lib\site-packages\PyDVT\TkBinding\BltGraphProperties.pyo
200 File Copy: c:\Python23\Lib\site-packages\PyDVT\TkBinding\BltGraph.pyo
200 File Copy: c:\Python23\Lib\site-packages\PyDVT\QwtBinding\FitParametersDialog.pyo
200 File Copy: c:\Python23\Lib\site-packages\PyDVT\QwtBinding\__init__.pyo
200 File Copy: c:\Python23\Lib\site-packages\PyDVT\QwtBinding\Drawable2D.pyo
200 File Copy: c:\Python23\Lib\site-packages\PyDVT\QwtBinding\MyPSDraw.pyo
200 File Copy: c:\Python23\Lib\site-packages\PyDVT\QwtBinding\Drawable1D.pyo
200 File Copy: c:\Python23\Lib\site-packages\PyDVT\QwtBinding\Drawable3D.pyo
200 File Copy: c:\Python23\Lib\site-packages\PyDVT\QwtBinding\DrawableContour.pyo
200 File Copy: c:\Python23\Lib\site-packages\PyDVT\QwtBinding\ColormapEditorWidget.pyo
200 File Copy: c:\Python23\Lib\site-packages\PyDVT\QwtBinding\DrawableTable.pyo
200 File Copy: c:\Python23\Lib\site-packages\PyDVT\QwtBinding\Binding.pyo
200 File Copy: c:\Python23\Lib\site-packages\PyDVT\QwtBinding\ExtendedGraphDialogs.pyo
200 File Copy: c:\Python23\Lib\site-packages\PyDVT\QtBinding\BinarySearch.pyo
200 File Copy: c:\Python23\Lib\site-packages\PyDVT\QtBinding\MyPSDraw.pyo
200 File Copy: c:\Python23\Lib\site-packages\PyDVT\QtBinding\FitParametersDialog.pyo
200 File Copy: c:\Python23\Lib\site-packages\PyDVT\QtBinding\__init__.pyo
200 File Copy: c:\Python23\Lib\site-packages\PyDVT\QtBinding\Drawable2D.pyo
200 File Copy: c:\Python23\Lib\site-packages\PyDVT\QtBinding\Drawable3D.pyo
200 File Copy: c:\Python23\Lib\site-packages\PyDVT\QtBinding\Drawable1D.pyo
200 File Copy: c:\Python23\Lib\site-packages\PyDVT\QtBinding\ColormapEditorWidget.pyo
200 File Copy: c:\Python23\Lib\site-packages\PyDVT\QtBinding\DrawableContour.pyo
200 File Copy: c:\Python23\Lib\site-packages\PyDVT\QtBinding\Binding.pyo
200 File Copy: c:\Python23\Lib\site-packages\PyDVT\QtBinding\myqplplot.pyo
200 File Copy: c:\Python23\Lib\site-packages\PyDVT\QtBinding\DrawableTable.pyo
200 File Copy: c:\Python23\Lib\site-packages\PyDVT\QtBinding\qplplot.pyo
200 File Copy: c:\Python23\Lib\site-packages\PyDVT\QtBinding\ExtendedGraphDialogs.pyo
200 File Copy: c:\Python23\Lib\site-packages\PyDVT\GUIBinding\FitParametersDialog.pyo
200 File Copy: c:\Python23\Lib\site-packages\PyDVT\GUIBinding\ExtendedGraphDialogs.pyo
200 File Copy: c:\Python23\Lib\site-packages\PyDVT\GUIBinding\ColormapEditorWidget.pyo
200 File Copy: c:\Python23\Lib\site-packages\PyDVT\GUIBinding\Binding.pyo
200 File Copy: c:\Python23\Lib\site-packages\PyDVT\GUIBinding\DrawableContour.pyo
200 File Copy: c:\Python23\Lib\site-packages\PyDVT\GUIBinding\__init__.pyo
200 File Copy: c:\Python23\Lib\site-packages\PyDVT\GUIBinding\Drawable2D.pyo
200 File Copy: c:\Python23\Lib\site-packages\PyDVT\GUIBinding\DrawableTable.pyo
200 File Copy: c:\Python23\Lib\site-packages\PyDVT\GUIBinding\Drawable3D.pyo
200 File Copy: c:\Python23\Lib\site-packages\PyDVT\GUIBinding\Drawable1D.pyo
200 File Copy: c:\Python23\Lib\site-packages\PyDVT\SciDXPData.pyo
200 File Copy: c:\Python23\Lib\site-packages\PyDVT\BinarySearch.pyo
200 File Copy: c:\Python23\Lib\site-packages\PyDVT\FitFilter.pyo
200 File Copy: c:\Python23\Lib\site-packages\PyDVT\SPSScanGraphFilter.pyo
200 File Copy: c:\Python23\Lib\site-packages\PyDVT\ScanGraphView.pyo
200 File Copy: c:\Python23\Lib\site-packages\PyDVT\Operator.pyo
200 File Copy: c:\Python23\Lib\site-packages\PyDVT\Transf2DFilter.pyo
200 File Copy: c:\Python23\Lib\site-packages\PyDVT\GraphViewSelect.pyo
200 File Copy: c:\Python23\Lib\site-packages\PyDVT\ImageView.pyo
200 File Copy: c:\Python23\Lib\site-packages\PyDVT\TableView.pyo
200 File Copy: c:\Python23\Lib\site-packages\PyDVT\ViewSelect.pyo
200 File Copy: c:\Python23\Lib\site-packages\PyDVT\SPSData.pyo
200 File Copy: c:\Python23\Lib\site-packages\PyDVT\SpecFileData.pyo
200 File Copy: c:\Python23\Lib\site-packages\PyDVT\MeshView.pyo
200 File Copy: c:\Python23\Lib\site-packages\PyDVT\ImageViewSelect.pyo
200 File Copy: c:\Python23\Lib\site-packages\PyDVT\ImageFileData.pyo
200 File Copy: c:\Python23\Lib\site-packages\PyDVT\ExtendedImageView.pyo
200 File Copy: c:\Python23\Lib\site-packages\PyDVT\EdfFileData.pyo
200 File Copy: c:\Python23\Lib\site-packages\PyDVT\View.pyo
200 File Copy: c:\Python23\Lib\site-packages\PyDVT\DataSelection.pyo
200 File Copy: c:\Python23\Lib\site-packages\PyDVT\DataInfoView.pyo
200 File Copy: c:\Python23\Lib\site-packages\PyDVT\Data.pyo
200 File Copy: c:\Python23\Lib\site-packages\PyDVT\GraphView.pyo
200 File Copy: c:\Python23\Lib\site-packages\PyDVT\ExtendedGraphView.pyo
200 File Copy: c:\Python23\Lib\site-packages\PyDVT\Filter.pyo
200 File Copy: c:\Python23\Lib\site-packages\PyDVT\ContourView.pyo
200 File Copy: c:\Python23\Lib\site-packages\PyDVT\ColormapSelect.pyo
200 File Copy: c:\Python23\Lib\site-packages\PyDVT\Binding.pyo
200 File Copy: c:\Python23\Lib\site-packages\PyDVT\__init__.pyo
200 File Copy: c:\Python23\Lib\site-packages\periodictable\XrayWidget.pyo
200 File Copy: c:\Python23\Lib\site-packages\periodictable\XrayPT.pyo
200 File Copy: c:\Python23\Lib\site-packages\periodictable\Xray.pyo
200 File Copy: c:\Python23\Lib\site-packages\periodictable\TkTools.pyo
200 File Copy: c:\Python23\Lib\site-packages\periodictable\PeriodicTable.pyo
200 File Copy: c:\Python23\Lib\site-packages\periodictable\__init__.pyo
200 File Copy: c:\Python23\Lib\site-packages\bliss_module\mdi.pyo
200 File Copy: c:\Python23\Lib\site-packages\bliss_module\resources.pyo
200 File Copy: c:\Python23\Lib\site-packages\bliss_module\BlissTkDlgBox.pyo
200 File Copy: c:\Python23\Lib\site-packages\bliss_module\SectionFile.pyo
200 File Copy: c:\Python23\Lib\site-packages\bliss_module\Record.pyo
200 File Copy: c:\Python23\Lib\site-packages\bliss_module\printf2re.pyo
200 File Copy: c:\Python23\Lib\site-packages\bliss_module\except2str.pyo
200 File Copy: c:\Python23\Lib\site-packages\bliss_module\Command.pyo
200 File Copy: c:\Python23\Lib\site-packages\bliss_module\CmdOutput.pyo
200 File Copy: c:\Python23\Lib\site-packages\bliss_module\SimpleRecord.pyo
200 File Copy: c:\Python23\Lib\site-packages\bliss_module\Blt.pyo
200 File Copy: c:\Python23\Lib\site-packages\bliss_module\BltGraph.pyo
200 File Copy: c:\Python23\Lib\site-packages\bliss_module\TableWidget.pyo
200 File Copy: c:\Python23\Lib\site-packages\bliss_module\findFile.pyo
200 File Copy: c:\Python23\Lib\site-packages\bliss_module\__init__.pyo
200 File Copy: c:\Python23\Lib\site-packages\bliss_module\EventHandler.pyo
200 File Copy: c:\Python23\Lib\site-packages\bliss_module\EdfFile.pyo
