*** Installation started 2009/06/08 14:06 ***
Source: c:\beckup\DASY_V5-WIN_INSTALL\PYTHON-Software\Numeric-23.1.win32-py2.3.exe
020 Reg DB Key: [Software\Microsoft\Windows\CurrentVersion\Uninstall]Numeric-py2.3
040 Reg DB Value: [Software\Microsoft\Windows\CurrentVersion\Uninstall\Numeric-py2.3]DisplayName=Python 2.3 Numeric-23.1
040 Reg DB Value: [Software\Microsoft\Windows\CurrentVersion\Uninstall\Numeric-py2.3]UninstallString="c:\Python23\RemoveNumeric.exe" -u "c:\Python23\Numeric-wininst.log"
100 Made Dir: c:\Python23\Include\Numeric
200 File Copy: c:\Python23\Include\Numeric\arrayobject.h
200 File Copy: c:\Python23\Include\Numeric\f2c.h
200 File Copy: c:\Python23\Include\Numeric\ranlib.h
200 File Copy: c:\Python23\Include\Numeric\ufuncobject.h
200 File Copy: c:\Python23\Lib\site-packages\Numeric.pth
100 Made Dir: c:\Python23\Lib\site-packages\Numeric
200 File Copy: c:\Python23\Lib\site-packages\Numeric\arrayfns.pyd
200 File Copy: c:\Python23\Lib\site-packages\Numeric\ArrayPrinter.py
200 File Copy: c:\Python23\Lib\site-packages\Numeric\lapack_lite.pyd
200 File Copy: c:\Python23\Lib\site-packages\Numeric\LinearAlgebra.py
200 File Copy: c:\Python23\Lib\site-packages\Numeric\Matrix.py
200 File Copy: c:\Python23\Lib\site-packages\Numeric\MLab.py
200 File Copy: c:\Python23\Lib\site-packages\Numeric\multiarray.pyd
200 File Copy: c:\Python23\Lib\site-packages\Numeric\Numeric.py
200 File Copy: c:\Python23\Lib\site-packages\Numeric\numeric_version.py
200 File Copy: c:\Python23\Lib\site-packages\Numeric\Precision.py
200 File Copy: c:\Python23\Lib\site-packages\Numeric\RandomArray.py
200 File Copy: c:\Python23\Lib\site-packages\Numeric\ranlib.pyd
200 File Copy: c:\Python23\Lib\site-packages\Numeric\umath.pyd
200 File Copy: c:\Python23\Lib\site-packages\Numeric\UserArray.py
200 File Copy: c:\Python23\Lib\site-packages\Numeric\_numpy.pyd
100 Made Dir: c:\Python23\Lib\site-packages\Numeric\FFT
200 File Copy: c:\Python23\Lib\site-packages\Numeric\FFT\FFT.py
200 File Copy: c:\Python23\Lib\site-packages\Numeric\FFT\fftpack.pyd
200 File Copy: c:\Python23\Lib\site-packages\Numeric\FFT\__init__.py
100 Made Dir: c:\Python23\Lib\site-packages\Numeric\MA
200 File Copy: c:\Python23\Lib\site-packages\Numeric\MA\MA.py
200 File Copy: c:\Python23\Lib\site-packages\Numeric\MA\MA_version.py
200 File Copy: c:\Python23\Lib\site-packages\Numeric\MA\__init__.py
100 Made Dir: c:\Python23\Lib\site-packages\Numeric\RNG
200 File Copy: c:\Python23\Lib\site-packages\Numeric\RNG\RNG.pyd
200 File Copy: c:\Python23\Lib\site-packages\Numeric\RNG\Statistics.py
200 File Copy: c:\Python23\Lib\site-packages\Numeric\RNG\__init__.py
200 File Copy: c:\Python23\Lib\site-packages\Numeric\RNG\__init__.pyc
200 File Copy: c:\Python23\Lib\site-packages\Numeric\RNG\Statistics.pyc
200 File Copy: c:\Python23\Lib\site-packages\Numeric\MA\__init__.pyc
200 File Copy: c:\Python23\Lib\site-packages\Numeric\MA\MA_version.pyc
200 File Copy: c:\Python23\Lib\site-packages\Numeric\MA\MA.pyc
200 File Copy: c:\Python23\Lib\site-packages\Numeric\FFT\__init__.pyc
200 File Copy: c:\Python23\Lib\site-packages\Numeric\FFT\FFT.pyc
200 File Copy: c:\Python23\Lib\site-packages\Numeric\UserArray.pyc
200 File Copy: c:\Python23\Lib\site-packages\Numeric\RandomArray.pyc
200 File Copy: c:\Python23\Lib\site-packages\Numeric\Precision.pyc
200 File Copy: c:\Python23\Lib\site-packages\Numeric\numeric_version.pyc
200 File Copy: c:\Python23\Lib\site-packages\Numeric\Numeric.pyc
200 File Copy: c:\Python23\Lib\site-packages\Numeric\MLab.pyc
200 File Copy: c:\Python23\Lib\site-packages\Numeric\Matrix.pyc
200 File Copy: c:\Python23\Lib\site-packages\Numeric\LinearAlgebra.pyc
200 File Copy: c:\Python23\Lib\site-packages\Numeric\ArrayPrinter.pyc
200 File Copy: c:\Python23\Lib\site-packages\Numeric\RNG\__init__.pyo
200 File Copy: c:\Python23\Lib\site-packages\Numeric\RNG\Statistics.pyo
200 File Copy: c:\Python23\Lib\site-packages\Numeric\MA\__init__.pyo
200 File Copy: c:\Python23\Lib\site-packages\Numeric\MA\MA_version.pyo
200 File Copy: c:\Python23\Lib\site-packages\Numeric\MA\MA.pyo
200 File Copy: c:\Python23\Lib\site-packages\Numeric\FFT\__init__.pyo
200 File Copy: c:\Python23\Lib\site-packages\Numeric\FFT\FFT.pyo
200 File Copy: c:\Python23\Lib\site-packages\Numeric\UserArray.pyo
200 File Copy: c:\Python23\Lib\site-packages\Numeric\RandomArray.pyo
200 File Copy: c:\Python23\Lib\site-packages\Numeric\Precision.pyo
200 File Copy: c:\Python23\Lib\site-packages\Numeric\numeric_version.pyo
200 File Copy: c:\Python23\Lib\site-packages\Numeric\Numeric.pyo
200 File Copy: c:\Python23\Lib\site-packages\Numeric\MLab.pyo
200 File Copy: c:\Python23\Lib\site-packages\Numeric\Matrix.pyo
200 File Copy: c:\Python23\Lib\site-packages\Numeric\LinearAlgebra.pyo
200 File Copy: c:\Python23\Lib\site-packages\Numeric\ArrayPrinter.pyo
*** Installation started 2017/10/19 11:44 ***
Source: c:\beckup\DASY_V5-WIN_INSTALL\PYTHON-Software\Numeric-23.1.win32-py2.3.exe
040 Reg DB Value: [Software\Microsoft\Windows\CurrentVersion\Uninstall\Numeric-py2.3]DisplayName=Python 2.3 Numeric-23.1
040 Reg DB Value: [Software\Microsoft\Windows\CurrentVersion\Uninstall\Numeric-py2.3]UninstallString="c:\Python23\RemoveNumeric.exe" -u "c:\Python23\Numeric-wininst.log"
200 File Copy: c:\Python23\Include\Numeric\arrayobject.h
200 File Copy: c:\Python23\Include\Numeric\f2c.h
200 File Copy: c:\Python23\Include\Numeric\ranlib.h
200 File Copy: c:\Python23\Include\Numeric\ufuncobject.h
200 File Copy: c:\Python23\Lib\site-packages\Numeric.pth
200 File Copy: c:\Python23\Lib\site-packages\Numeric\arrayfns.pyd
200 File Copy: c:\Python23\Lib\site-packages\Numeric\ArrayPrinter.py
200 File Copy: c:\Python23\Lib\site-packages\Numeric\lapack_lite.pyd
200 File Copy: c:\Python23\Lib\site-packages\Numeric\LinearAlgebra.py
200 File Copy: c:\Python23\Lib\site-packages\Numeric\Matrix.py
200 File Copy: c:\Python23\Lib\site-packages\Numeric\MLab.py
200 File Copy: c:\Python23\Lib\site-packages\Numeric\multiarray.pyd
200 File Copy: c:\Python23\Lib\site-packages\Numeric\Numeric.py
200 File Copy: c:\Python23\Lib\site-packages\Numeric\numeric_version.py
200 File Copy: c:\Python23\Lib\site-packages\Numeric\Precision.py
200 File Copy: c:\Python23\Lib\site-packages\Numeric\RandomArray.py
200 File Copy: c:\Python23\Lib\site-packages\Numeric\ranlib.pyd
200 File Copy: c:\Python23\Lib\site-packages\Numeric\umath.pyd
200 File Copy: c:\Python23\Lib\site-packages\Numeric\UserArray.py
200 File Copy: c:\Python23\Lib\site-packages\Numeric\_numpy.pyd
200 File Copy: c:\Python23\Lib\site-packages\Numeric\FFT\FFT.py
200 File Copy: c:\Python23\Lib\site-packages\Numeric\FFT\fftpack.pyd
200 File Copy: c:\Python23\Lib\site-packages\Numeric\FFT\__init__.py
200 File Copy: c:\Python23\Lib\site-packages\Numeric\MA\MA.py
200 File Copy: c:\Python23\Lib\site-packages\Numeric\MA\MA_version.py
200 File Copy: c:\Python23\Lib\site-packages\Numeric\MA\__init__.py
200 File Copy: c:\Python23\Lib\site-packages\Numeric\RNG\RNG.pyd
200 File Copy: c:\Python23\Lib\site-packages\Numeric\RNG\Statistics.py
200 File Copy: c:\Python23\Lib\site-packages\Numeric\RNG\__init__.py
200 File Copy: c:\Python23\Lib\site-packages\Numeric\RNG\__init__.pyc
200 File Copy: c:\Python23\Lib\site-packages\Numeric\RNG\Statistics.pyc
200 File Copy: c:\Python23\Lib\site-packages\Numeric\MA\__init__.pyc
200 File Copy: c:\Python23\Lib\site-packages\Numeric\MA\MA_version.pyc
200 File Copy: c:\Python23\Lib\site-packages\Numeric\MA\MA.pyc
200 File Copy: c:\Python23\Lib\site-packages\Numeric\FFT\__init__.pyc
200 File Copy: c:\Python23\Lib\site-packages\Numeric\FFT\FFT.pyc
200 File Copy: c:\Python23\Lib\site-packages\Numeric\UserArray.pyc
200 File Copy: c:\Python23\Lib\site-packages\Numeric\RandomArray.pyc
200 File Copy: c:\Python23\Lib\site-packages\Numeric\Precision.pyc
200 File Copy: c:\Python23\Lib\site-packages\Numeric\numeric_version.pyc
200 File Copy: c:\Python23\Lib\site-packages\Numeric\Numeric.pyc
200 File Copy: c:\Python23\Lib\site-packages\Numeric\MLab.pyc
200 File Copy: c:\Python23\Lib\site-packages\Numeric\Matrix.pyc
200 File Copy: c:\Python23\Lib\site-packages\Numeric\LinearAlgebra.pyc
200 File Copy: c:\Python23\Lib\site-packages\Numeric\ArrayPrinter.pyc
200 File Copy: c:\Python23\Lib\site-packages\Numeric\RNG\__init__.pyo
200 File Copy: c:\Python23\Lib\site-packages\Numeric\RNG\Statistics.pyo
200 File Copy: c:\Python23\Lib\site-packages\Numeric\MA\__init__.pyo
200 File Copy: c:\Python23\Lib\site-packages\Numeric\MA\MA_version.pyo
200 File Copy: c:\Python23\Lib\site-packages\Numeric\MA\MA.pyo
200 File Copy: c:\Python23\Lib\site-packages\Numeric\FFT\__init__.pyo
200 File Copy: c:\Python23\Lib\site-packages\Numeric\FFT\FFT.pyo
200 File Copy: c:\Python23\Lib\site-packages\Numeric\UserArray.pyo
200 File Copy: c:\Python23\Lib\site-packages\Numeric\RandomArray.pyo
200 File Copy: c:\Python23\Lib\site-packages\Numeric\Precision.pyo
200 File Copy: c:\Python23\Lib\site-packages\Numeric\numeric_version.pyo
200 File Copy: c:\Python23\Lib\site-packages\Numeric\Numeric.pyo
200 File Copy: c:\Python23\Lib\site-packages\Numeric\MLab.pyo
200 File Copy: c:\Python23\Lib\site-packages\Numeric\Matrix.pyo
200 File Copy: c:\Python23\Lib\site-packages\Numeric\LinearAlgebra.pyo
200 File Copy: c:\Python23\Lib\site-packages\Numeric\ArrayPrinter.pyo
