*** Installation started 2009/06/08 14:06 ***
Source: c:\beckup\DASY_V5-WIN_INSTALL\PYTHON-Software\ScientificPython-2.4.5.win32-py2.3.exe
020 Reg DB Key: [Software\Microsoft\Windows\CurrentVersion\Uninstall]ScientificPython-py2.3
040 Reg DB Value: [Software\Microsoft\Windows\CurrentVersion\Uninstall\ScientificPython-py2.3]DisplayName=Python 2.3 ScientificPython-2.4.5
040 Reg DB Value: [Software\Microsoft\Windows\CurrentVersion\Uninstall\ScientificPython-py2.3]UninstallString="c:\Python23\RemoveScientificPython.exe" -u "c:\Python23\ScientificPython-wininst.log"
100 Made Dir: c:\Python23\Lib\site-packages\Scientific
200 File Copy: c:\Python23\Lib\site-packages\Scientific\DictWithDefault.py
200 File Copy: c:\Python23\Lib\site-packages\Scientific\Installation.py
200 File Copy: c:\Python23\Lib\site-packages\Scientific\Mathematica.py
200 File Copy: c:\Python23\Lib\site-packages\Scientific\NumberDict.py
200 File Copy: c:\Python23\Lib\site-packages\Scientific\__init__.py
200 File Copy: c:\Python23\Lib\site-packages\Scientific\indexing.py
100 Made Dir: c:\Python23\Lib\site-packages\Scientific\Functions
200 File Copy: c:\Python23\Lib\site-packages\Scientific\Functions\Derivatives.py
200 File Copy: c:\Python23\Lib\site-packages\Scientific\Functions\FindRoot.py
200 File Copy: c:\Python23\Lib\site-packages\Scientific\Functions\FirstDerivatives.py
200 File Copy: c:\Python23\Lib\site-packages\Scientific\Functions\Interpolation.py
200 File Copy: c:\Python23\Lib\site-packages\Scientific\Functions\LeastSquares.py
200 File Copy: c:\Python23\Lib\site-packages\Scientific\Functions\Polynomial.py
200 File Copy: c:\Python23\Lib\site-packages\Scientific\Functions\Rational.py
200 File Copy: c:\Python23\Lib\site-packages\Scientific\Functions\Romberg.py
200 File Copy: c:\Python23\Lib\site-packages\Scientific\Functions\__init__.py
100 Made Dir: c:\Python23\Lib\site-packages\Scientific\Geometry
200 File Copy: c:\Python23\Lib\site-packages\Scientific\Geometry\Objects3D.py
200 File Copy: c:\Python23\Lib\site-packages\Scientific\Geometry\Quaternion.py
200 File Copy: c:\Python23\Lib\site-packages\Scientific\Geometry\TensorAnalysis.py
200 File Copy: c:\Python23\Lib\site-packages\Scientific\Geometry\TensorModule.py
200 File Copy: c:\Python23\Lib\site-packages\Scientific\Geometry\Transformation.py
200 File Copy: c:\Python23\Lib\site-packages\Scientific\Geometry\VectorModule.py
200 File Copy: c:\Python23\Lib\site-packages\Scientific\Geometry\__init__.py
100 Made Dir: c:\Python23\Lib\site-packages\Scientific\IO
200 File Copy: c:\Python23\Lib\site-packages\Scientific\IO\ArrayIO.py
200 File Copy: c:\Python23\Lib\site-packages\Scientific\IO\FortranFormat.py
200 File Copy: c:\Python23\Lib\site-packages\Scientific\IO\NetCDF.py
200 File Copy: c:\Python23\Lib\site-packages\Scientific\IO\PDB.py
200 File Copy: c:\Python23\Lib\site-packages\Scientific\IO\PDBExportFilters.py
200 File Copy: c:\Python23\Lib\site-packages\Scientific\IO\TextFile.py
200 File Copy: c:\Python23\Lib\site-packages\Scientific\IO\__init__.py
100 Made Dir: c:\Python23\Lib\site-packages\Scientific\Physics
200 File Copy: c:\Python23\Lib\site-packages\Scientific\Physics\PhysicalQuantities.py
200 File Copy: c:\Python23\Lib\site-packages\Scientific\Physics\Potential.py
200 File Copy: c:\Python23\Lib\site-packages\Scientific\Physics\__init__.py
100 Made Dir: c:\Python23\Lib\site-packages\Scientific\Statistics
200 File Copy: c:\Python23\Lib\site-packages\Scientific\Statistics\Histogram.py
200 File Copy: c:\Python23\Lib\site-packages\Scientific\Statistics\__init__.py
100 Made Dir: c:\Python23\Lib\site-packages\Scientific\Signals
200 File Copy: c:\Python23\Lib\site-packages\Scientific\Signals\Models.py
200 File Copy: c:\Python23\Lib\site-packages\Scientific\Signals\__init__.py
100 Made Dir: c:\Python23\Lib\site-packages\Scientific\Threading
200 File Copy: c:\Python23\Lib\site-packages\Scientific\Threading\TaskManager.py
200 File Copy: c:\Python23\Lib\site-packages\Scientific\Threading\__init__.py
100 Made Dir: c:\Python23\Lib\site-packages\Scientific\TkWidgets
200 File Copy: c:\Python23\Lib\site-packages\Scientific\TkWidgets\TkPlotCanvas.py
200 File Copy: c:\Python23\Lib\site-packages\Scientific\TkWidgets\TkVisualizationCanvas.py
200 File Copy: c:\Python23\Lib\site-packages\Scientific\TkWidgets\Utility.py
200 File Copy: c:\Python23\Lib\site-packages\Scientific\TkWidgets\__init__.py
100 Made Dir: c:\Python23\Lib\site-packages\Scientific\Visualization
200 File Copy: c:\Python23\Lib\site-packages\Scientific\Visualization\Color.py
200 File Copy: c:\Python23\Lib\site-packages\Scientific\Visualization\VMD.py
200 File Copy: c:\Python23\Lib\site-packages\Scientific\Visualization\VPython.py
200 File Copy: c:\Python23\Lib\site-packages\Scientific\Visualization\VRML.py
200 File Copy: c:\Python23\Lib\site-packages\Scientific\Visualization\VRML2.py
200 File Copy: c:\Python23\Lib\site-packages\Scientific\Visualization\__init__.py
100 Made Dir: c:\Python23\Lib\site-packages\Scientific\MPI
200 File Copy: c:\Python23\Lib\site-packages\Scientific\MPI\IO.py
200 File Copy: c:\Python23\Lib\site-packages\Scientific\MPI\__init__.py
200 File Copy: c:\Python23\Lib\site-packages\Scientific\MPI\core.py
100 Made Dir: c:\Python23\Lib\site-packages\Scientific\BSP
200 File Copy: c:\Python23\Lib\site-packages\Scientific\BSP\Console.py
200 File Copy: c:\Python23\Lib\site-packages\Scientific\BSP\IO.py
200 File Copy: c:\Python23\Lib\site-packages\Scientific\BSP\__init__.py
200 File Copy: c:\Python23\Lib\site-packages\Scientific\BSP\core.py
100 Made Dir: c:\Python23\Lib\site-packages\Scientific\win32
200 File Copy: c:\Python23\Lib\site-packages\Scientific\win32\Scientific_netcdf.pyd
100 Made Dir: c:\Python23\Include\Scientific
200 File Copy: c:\Python23\Include\Scientific\PyBSP_API.h
200 File Copy: c:\Python23\Include\Scientific\PyMPI_API.h
200 File Copy: c:\Python23\Include\Scientific\bspmodule.h
200 File Copy: c:\Python23\Include\Scientific\mpimodule.h
200 File Copy: c:\Python23\Include\Scientific\netcdfmodule.h
200 File Copy: c:\Python23\Lib\site-packages\Scientific\BSP\core.pyc
200 File Copy: c:\Python23\Lib\site-packages\Scientific\BSP\__init__.pyc
200 File Copy: c:\Python23\Lib\site-packages\Scientific\BSP\IO.pyc
200 File Copy: c:\Python23\Lib\site-packages\Scientific\BSP\Console.pyc
200 File Copy: c:\Python23\Lib\site-packages\Scientific\MPI\core.pyc
200 File Copy: c:\Python23\Lib\site-packages\Scientific\MPI\__init__.pyc
200 File Copy: c:\Python23\Lib\site-packages\Scientific\MPI\IO.pyc
200 File Copy: c:\Python23\Lib\site-packages\Scientific\Visualization\__init__.pyc
200 File Copy: c:\Python23\Lib\site-packages\Scientific\Visualization\VRML2.pyc
200 File Copy: c:\Python23\Lib\site-packages\Scientific\Visualization\VRML.pyc
200 File Copy: c:\Python23\Lib\site-packages\Scientific\Visualization\VPython.pyc
200 File Copy: c:\Python23\Lib\site-packages\Scientific\Visualization\VMD.pyc
200 File Copy: c:\Python23\Lib\site-packages\Scientific\Visualization\Color.pyc
200 File Copy: c:\Python23\Lib\site-packages\Scientific\TkWidgets\__init__.pyc
200 File Copy: c:\Python23\Lib\site-packages\Scientific\TkWidgets\Utility.pyc
200 File Copy: c:\Python23\Lib\site-packages\Scientific\TkWidgets\TkVisualizationCanvas.pyc
200 File Copy: c:\Python23\Lib\site-packages\Scientific\TkWidgets\TkPlotCanvas.pyc
200 File Copy: c:\Python23\Lib\site-packages\Scientific\Threading\__init__.pyc
200 File Copy: c:\Python23\Lib\site-packages\Scientific\Threading\TaskManager.pyc
200 File Copy: c:\Python23\Lib\site-packages\Scientific\Signals\__init__.pyc
200 File Copy: c:\Python23\Lib\site-packages\Scientific\Signals\Models.pyc
200 File Copy: c:\Python23\Lib\site-packages\Scientific\Statistics\__init__.pyc
200 File Copy: c:\Python23\Lib\site-packages\Scientific\Statistics\Histogram.pyc
200 File Copy: c:\Python23\Lib\site-packages\Scientific\Physics\__init__.pyc
200 File Copy: c:\Python23\Lib\site-packages\Scientific\Physics\Potential.pyc
200 File Copy: c:\Python23\Lib\site-packages\Scientific\Physics\PhysicalQuantities.pyc
200 File Copy: c:\Python23\Lib\site-packages\Scientific\IO\__init__.pyc
200 File Copy: c:\Python23\Lib\site-packages\Scientific\IO\TextFile.pyc
200 File Copy: c:\Python23\Lib\site-packages\Scientific\IO\PDBExportFilters.pyc
200 File Copy: c:\Python23\Lib\site-packages\Scientific\IO\PDB.pyc
200 File Copy: c:\Python23\Lib\site-packages\Scientific\IO\NetCDF.pyc
200 File Copy: c:\Python23\Lib\site-packages\Scientific\IO\FortranFormat.pyc
200 File Copy: c:\Python23\Lib\site-packages\Scientific\IO\ArrayIO.pyc
200 File Copy: c:\Python23\Lib\site-packages\Scientific\Geometry\__init__.pyc
200 File Copy: c:\Python23\Lib\site-packages\Scientific\Geometry\VectorModule.pyc
200 File Copy: c:\Python23\Lib\site-packages\Scientific\Geometry\Transformation.pyc
200 File Copy: c:\Python23\Lib\site-packages\Scientific\Geometry\TensorModule.pyc
200 File Copy: c:\Python23\Lib\site-packages\Scientific\Geometry\TensorAnalysis.pyc
200 File Copy: c:\Python23\Lib\site-packages\Scientific\Geometry\Quaternion.pyc
200 File Copy: c:\Python23\Lib\site-packages\Scientific\Geometry\Objects3D.pyc
200 File Copy: c:\Python23\Lib\site-packages\Scientific\Functions\__init__.pyc
200 File Copy: c:\Python23\Lib\site-packages\Scientific\Functions\Romberg.pyc
200 File Copy: c:\Python23\Lib\site-packages\Scientific\Functions\Rational.pyc
200 File Copy: c:\Python23\Lib\site-packages\Scientific\Functions\Polynomial.pyc
200 File Copy: c:\Python23\Lib\site-packages\Scientific\Functions\LeastSquares.pyc
200 File Copy: c:\Python23\Lib\site-packages\Scientific\Functions\Interpolation.pyc
200 File Copy: c:\Python23\Lib\site-packages\Scientific\Functions\FirstDerivatives.pyc
200 File Copy: c:\Python23\Lib\site-packages\Scientific\Functions\FindRoot.pyc
200 File Copy: c:\Python23\Lib\site-packages\Scientific\Functions\Derivatives.pyc
200 File Copy: c:\Python23\Lib\site-packages\Scientific\indexing.pyc
200 File Copy: c:\Python23\Lib\site-packages\Scientific\__init__.pyc
200 File Copy: c:\Python23\Lib\site-packages\Scientific\NumberDict.pyc
200 File Copy: c:\Python23\Lib\site-packages\Scientific\Mathematica.pyc
200 File Copy: c:\Python23\Lib\site-packages\Scientific\Installation.pyc
200 File Copy: c:\Python23\Lib\site-packages\Scientific\DictWithDefault.pyc
200 File Copy: c:\Python23\Lib\site-packages\Scientific\BSP\core.pyo
200 File Copy: c:\Python23\Lib\site-packages\Scientific\BSP\__init__.pyo
200 File Copy: c:\Python23\Lib\site-packages\Scientific\BSP\IO.pyo
200 File Copy: c:\Python23\Lib\site-packages\Scientific\BSP\Console.pyo
200 File Copy: c:\Python23\Lib\site-packages\Scientific\MPI\core.pyo
200 File Copy: c:\Python23\Lib\site-packages\Scientific\MPI\__init__.pyo
200 File Copy: c:\Python23\Lib\site-packages\Scientific\MPI\IO.pyo
200 File Copy: c:\Python23\Lib\site-packages\Scientific\Visualization\__init__.pyo
200 File Copy: c:\Python23\Lib\site-packages\Scientific\Visualization\VRML2.pyo
200 File Copy: c:\Python23\Lib\site-packages\Scientific\Visualization\VRML.pyo
200 File Copy: c:\Python23\Lib\site-packages\Scientific\Visualization\VPython.pyo
200 File Copy: c:\Python23\Lib\site-packages\Scientific\Visualization\VMD.pyo
200 File Copy: c:\Python23\Lib\site-packages\Scientific\Visualization\Color.pyo
200 File Copy: c:\Python23\Lib\site-packages\Scientific\TkWidgets\__init__.pyo
200 File Copy: c:\Python23\Lib\site-packages\Scientific\TkWidgets\Utility.pyo
200 File Copy: c:\Python23\Lib\site-packages\Scientific\TkWidgets\TkVisualizationCanvas.pyo
200 File Copy: c:\Python23\Lib\site-packages\Scientific\TkWidgets\TkPlotCanvas.pyo
200 File Copy: c:\Python23\Lib\site-packages\Scientific\Threading\__init__.pyo
200 File Copy: c:\Python23\Lib\site-packages\Scientific\Threading\TaskManager.pyo
200 File Copy: c:\Python23\Lib\site-packages\Scientific\Signals\__init__.pyo
200 File Copy: c:\Python23\Lib\site-packages\Scientific\Signals\Models.pyo
200 File Copy: c:\Python23\Lib\site-packages\Scientific\Statistics\__init__.pyo
200 File Copy: c:\Python23\Lib\site-packages\Scientific\Statistics\Histogram.pyo
200 File Copy: c:\Python23\Lib\site-packages\Scientific\Physics\__init__.pyo
200 File Copy: c:\Python23\Lib\site-packages\Scientific\Physics\Potential.pyo
200 File Copy: c:\Python23\Lib\site-packages\Scientific\Physics\PhysicalQuantities.pyo
200 File Copy: c:\Python23\Lib\site-packages\Scientific\IO\__init__.pyo
200 File Copy: c:\Python23\Lib\site-packages\Scientific\IO\TextFile.pyo
200 File Copy: c:\Python23\Lib\site-packages\Scientific\IO\PDBExportFilters.pyo
200 File Copy: c:\Python23\Lib\site-packages\Scientific\IO\PDB.pyo
200 File Copy: c:\Python23\Lib\site-packages\Scientific\IO\NetCDF.pyo
200 File Copy: c:\Python23\Lib\site-packages\Scientific\IO\FortranFormat.pyo
200 File Copy: c:\Python23\Lib\site-packages\Scientific\IO\ArrayIO.pyo
200 File Copy: c:\Python23\Lib\site-packages\Scientific\Geometry\__init__.pyo
200 File Copy: c:\Python23\Lib\site-packages\Scientific\Geometry\VectorModule.pyo
200 File Copy: c:\Python23\Lib\site-packages\Scientific\Geometry\Transformation.pyo
200 File Copy: c:\Python23\Lib\site-packages\Scientific\Geometry\TensorModule.pyo
200 File Copy: c:\Python23\Lib\site-packages\Scientific\Geometry\TensorAnalysis.pyo
200 File Copy: c:\Python23\Lib\site-packages\Scientific\Geometry\Quaternion.pyo
200 File Copy: c:\Python23\Lib\site-packages\Scientific\Geometry\Objects3D.pyo
200 File Copy: c:\Python23\Lib\site-packages\Scientific\Functions\__init__.pyo
200 File Copy: c:\Python23\Lib\site-packages\Scientific\Functions\Romberg.pyo
200 File Copy: c:\Python23\Lib\site-packages\Scientific\Functions\Rational.pyo
200 File Copy: c:\Python23\Lib\site-packages\Scientific\Functions\Polynomial.pyo
200 File Copy: c:\Python23\Lib\site-packages\Scientific\Functions\LeastSquares.pyo
200 File Copy: c:\Python23\Lib\site-packages\Scientific\Functions\Interpolation.pyo
200 File Copy: c:\Python23\Lib\site-packages\Scientific\Functions\FirstDerivatives.pyo
200 File Copy: c:\Python23\Lib\site-packages\Scientific\Functions\FindRoot.pyo
200 File Copy: c:\Python23\Lib\site-packages\Scientific\Functions\Derivatives.pyo
200 File Copy: c:\Python23\Lib\site-packages\Scientific\indexing.pyo
200 File Copy: c:\Python23\Lib\site-packages\Scientific\__init__.pyo
200 File Copy: c:\Python23\Lib\site-packages\Scientific\NumberDict.pyo
200 File Copy: c:\Python23\Lib\site-packages\Scientific\Mathematica.pyo
200 File Copy: c:\Python23\Lib\site-packages\Scientific\Installation.pyo
200 File Copy: c:\Python23\Lib\site-packages\Scientific\DictWithDefault.pyo
*** Installation started 2017/10/19 11:44 ***
Source: c:\beckup\DASY_V5-WIN_INSTALL\PYTHON-Software\ScientificPython-2.4.5.win32-py2.3.exe
040 Reg DB Value: [Software\Microsoft\Windows\CurrentVersion\Uninstall\ScientificPython-py2.3]DisplayName=Python 2.3 ScientificPython-2.4.5
040 Reg DB Value: [Software\Microsoft\Windows\CurrentVersion\Uninstall\ScientificPython-py2.3]UninstallString="c:\Python23\RemoveScientificPython.exe" -u "c:\Python23\ScientificPython-wininst.log"
200 File Copy: c:\Python23\Lib\site-packages\Scientific\DictWithDefault.py
200 File Copy: c:\Python23\Lib\site-packages\Scientific\Installation.py
200 File Copy: c:\Python23\Lib\site-packages\Scientific\Mathematica.py
200 File Copy: c:\Python23\Lib\site-packages\Scientific\NumberDict.py
200 File Copy: c:\Python23\Lib\site-packages\Scientific\__init__.py
200 File Copy: c:\Python23\Lib\site-packages\Scientific\indexing.py
200 File Copy: c:\Python23\Lib\site-packages\Scientific\Functions\Derivatives.py
200 File Copy: c:\Python23\Lib\site-packages\Scientific\Functions\FindRoot.py
200 File Copy: c:\Python23\Lib\site-packages\Scientific\Functions\FirstDerivatives.py
200 File Copy: c:\Python23\Lib\site-packages\Scientific\Functions\Interpolation.py
200 File Copy: c:\Python23\Lib\site-packages\Scientific\Functions\LeastSquares.py
200 File Copy: c:\Python23\Lib\site-packages\Scientific\Functions\Polynomial.py
200 File Copy: c:\Python23\Lib\site-packages\Scientific\Functions\Rational.py
200 File Copy: c:\Python23\Lib\site-packages\Scientific\Functions\Romberg.py
200 File Copy: c:\Python23\Lib\site-packages\Scientific\Functions\__init__.py
200 File Copy: c:\Python23\Lib\site-packages\Scientific\Geometry\Objects3D.py
200 File Copy: c:\Python23\Lib\site-packages\Scientific\Geometry\Quaternion.py
200 File Copy: c:\Python23\Lib\site-packages\Scientific\Geometry\TensorAnalysis.py
200 File Copy: c:\Python23\Lib\site-packages\Scientific\Geometry\TensorModule.py
200 File Copy: c:\Python23\Lib\site-packages\Scientific\Geometry\Transformation.py
200 File Copy: c:\Python23\Lib\site-packages\Scientific\Geometry\VectorModule.py
200 File Copy: c:\Python23\Lib\site-packages\Scientific\Geometry\__init__.py
200 File Copy: c:\Python23\Lib\site-packages\Scientific\IO\ArrayIO.py
200 File Copy: c:\Python23\Lib\site-packages\Scientific\IO\FortranFormat.py
200 File Copy: c:\Python23\Lib\site-packages\Scientific\IO\NetCDF.py
200 File Copy: c:\Python23\Lib\site-packages\Scientific\IO\PDB.py
200 File Copy: c:\Python23\Lib\site-packages\Scientific\IO\PDBExportFilters.py
200 File Copy: c:\Python23\Lib\site-packages\Scientific\IO\TextFile.py
200 File Copy: c:\Python23\Lib\site-packages\Scientific\IO\__init__.py
200 File Copy: c:\Python23\Lib\site-packages\Scientific\Physics\PhysicalQuantities.py
200 File Copy: c:\Python23\Lib\site-packages\Scientific\Physics\Potential.py
200 File Copy: c:\Python23\Lib\site-packages\Scientific\Physics\__init__.py
200 File Copy: c:\Python23\Lib\site-packages\Scientific\Statistics\Histogram.py
200 File Copy: c:\Python23\Lib\site-packages\Scientific\Statistics\__init__.py
200 File Copy: c:\Python23\Lib\site-packages\Scientific\Signals\Models.py
200 File Copy: c:\Python23\Lib\site-packages\Scientific\Signals\__init__.py
200 File Copy: c:\Python23\Lib\site-packages\Scientific\Threading\TaskManager.py
200 File Copy: c:\Python23\Lib\site-packages\Scientific\Threading\__init__.py
200 File Copy: c:\Python23\Lib\site-packages\Scientific\TkWidgets\TkPlotCanvas.py
200 File Copy: c:\Python23\Lib\site-packages\Scientific\TkWidgets\TkVisualizationCanvas.py
200 File Copy: c:\Python23\Lib\site-packages\Scientific\TkWidgets\Utility.py
200 File Copy: c:\Python23\Lib\site-packages\Scientific\TkWidgets\__init__.py
200 File Copy: c:\Python23\Lib\site-packages\Scientific\Visualization\Color.py
200 File Copy: c:\Python23\Lib\site-packages\Scientific\Visualization\VMD.py
200 File Copy: c:\Python23\Lib\site-packages\Scientific\Visualization\VPython.py
200 File Copy: c:\Python23\Lib\site-packages\Scientific\Visualization\VRML.py
200 File Copy: c:\Python23\Lib\site-packages\Scientific\Visualization\VRML2.py
200 File Copy: c:\Python23\Lib\site-packages\Scientific\Visualization\__init__.py
200 File Copy: c:\Python23\Lib\site-packages\Scientific\MPI\IO.py
200 File Copy: c:\Python23\Lib\site-packages\Scientific\MPI\__init__.py
200 File Copy: c:\Python23\Lib\site-packages\Scientific\MPI\core.py
200 File Copy: c:\Python23\Lib\site-packages\Scientific\BSP\Console.py
200 File Copy: c:\Python23\Lib\site-packages\Scientific\BSP\IO.py
200 File Copy: c:\Python23\Lib\site-packages\Scientific\BSP\__init__.py
200 File Copy: c:\Python23\Lib\site-packages\Scientific\BSP\core.py
200 File Copy: c:\Python23\Lib\site-packages\Scientific\win32\Scientific_netcdf.pyd
200 File Copy: c:\Python23\Include\Scientific\PyBSP_API.h
200 File Copy: c:\Python23\Include\Scientific\PyMPI_API.h
200 File Copy: c:\Python23\Include\Scientific\bspmodule.h
200 File Copy: c:\Python23\Include\Scientific\mpimodule.h
200 File Copy: c:\Python23\Include\Scientific\netcdfmodule.h
200 File Copy: c:\Python23\Lib\site-packages\Scientific\BSP\core.pyc
200 File Copy: c:\Python23\Lib\site-packages\Scientific\BSP\__init__.pyc
200 File Copy: c:\Python23\Lib\site-packages\Scientific\BSP\IO.pyc
200 File Copy: c:\Python23\Lib\site-packages\Scientific\BSP\Console.pyc
200 File Copy: c:\Python23\Lib\site-packages\Scientific\MPI\core.pyc
200 File Copy: c:\Python23\Lib\site-packages\Scientific\MPI\__init__.pyc
200 File Copy: c:\Python23\Lib\site-packages\Scientific\MPI\IO.pyc
200 File Copy: c:\Python23\Lib\site-packages\Scientific\Visualization\__init__.pyc
200 File Copy: c:\Python23\Lib\site-packages\Scientific\Visualization\VRML2.pyc
200 File Copy: c:\Python23\Lib\site-packages\Scientific\Visualization\VRML.pyc
200 File Copy: c:\Python23\Lib\site-packages\Scientific\Visualization\VPython.pyc
200 File Copy: c:\Python23\Lib\site-packages\Scientific\Visualization\VMD.pyc
200 File Copy: c:\Python23\Lib\site-packages\Scientific\Visualization\Color.pyc
200 File Copy: c:\Python23\Lib\site-packages\Scientific\TkWidgets\__init__.pyc
200 File Copy: c:\Python23\Lib\site-packages\Scientific\TkWidgets\Utility.pyc
200 File Copy: c:\Python23\Lib\site-packages\Scientific\TkWidgets\TkVisualizationCanvas.pyc
200 File Copy: c:\Python23\Lib\site-packages\Scientific\TkWidgets\TkPlotCanvas.pyc
200 File Copy: c:\Python23\Lib\site-packages\Scientific\Threading\__init__.pyc
200 File Copy: c:\Python23\Lib\site-packages\Scientific\Threading\TaskManager.pyc
200 File Copy: c:\Python23\Lib\site-packages\Scientific\Signals\__init__.pyc
200 File Copy: c:\Python23\Lib\site-packages\Scientific\Signals\Models.pyc
200 File Copy: c:\Python23\Lib\site-packages\Scientific\Statistics\__init__.pyc
200 File Copy: c:\Python23\Lib\site-packages\Scientific\Statistics\Histogram.pyc
200 File Copy: c:\Python23\Lib\site-packages\Scientific\Physics\__init__.pyc
200 File Copy: c:\Python23\Lib\site-packages\Scientific\Physics\Potential.pyc
200 File Copy: c:\Python23\Lib\site-packages\Scientific\Physics\PhysicalQuantities.pyc
200 File Copy: c:\Python23\Lib\site-packages\Scientific\IO\__init__.pyc
200 File Copy: c:\Python23\Lib\site-packages\Scientific\IO\TextFile.pyc
200 File Copy: c:\Python23\Lib\site-packages\Scientific\IO\PDBExportFilters.pyc
200 File Copy: c:\Python23\Lib\site-packages\Scientific\IO\PDB.pyc
200 File Copy: c:\Python23\Lib\site-packages\Scientific\IO\NetCDF.pyc
200 File Copy: c:\Python23\Lib\site-packages\Scientific\IO\FortranFormat.pyc
200 File Copy: c:\Python23\Lib\site-packages\Scientific\IO\ArrayIO.pyc
200 File Copy: c:\Python23\Lib\site-packages\Scientific\Geometry\__init__.pyc
200 File Copy: c:\Python23\Lib\site-packages\Scientific\Geometry\VectorModule.pyc
200 File Copy: c:\Python23\Lib\site-packages\Scientific\Geometry\Transformation.pyc
200 File Copy: c:\Python23\Lib\site-packages\Scientific\Geometry\TensorModule.pyc
200 File Copy: c:\Python23\Lib\site-packages\Scientific\Geometry\TensorAnalysis.pyc
200 File Copy: c:\Python23\Lib\site-packages\Scientific\Geometry\Quaternion.pyc
200 File Copy: c:\Python23\Lib\site-packages\Scientific\Geometry\Objects3D.pyc
200 File Copy: c:\Python23\Lib\site-packages\Scientific\Functions\__init__.pyc
200 File Copy: c:\Python23\Lib\site-packages\Scientific\Functions\Romberg.pyc
200 File Copy: c:\Python23\Lib\site-packages\Scientific\Functions\Rational.pyc
200 File Copy: c:\Python23\Lib\site-packages\Scientific\Functions\Polynomial.pyc
200 File Copy: c:\Python23\Lib\site-packages\Scientific\Functions\LeastSquares.pyc
200 File Copy: c:\Python23\Lib\site-packages\Scientific\Functions\Interpolation.pyc
200 File Copy: c:\Python23\Lib\site-packages\Scientific\Functions\FirstDerivatives.pyc
200 File Copy: c:\Python23\Lib\site-packages\Scientific\Functions\FindRoot.pyc
200 File Copy: c:\Python23\Lib\site-packages\Scientific\Functions\Derivatives.pyc
200 File Copy: c:\Python23\Lib\site-packages\Scientific\indexing.pyc
200 File Copy: c:\Python23\Lib\site-packages\Scientific\__init__.pyc
200 File Copy: c:\Python23\Lib\site-packages\Scientific\NumberDict.pyc
200 File Copy: c:\Python23\Lib\site-packages\Scientific\Mathematica.pyc
200 File Copy: c:\Python23\Lib\site-packages\Scientific\Installation.pyc
200 File Copy: c:\Python23\Lib\site-packages\Scientific\DictWithDefault.pyc
200 File Copy: c:\Python23\Lib\site-packages\Scientific\BSP\core.pyo
200 File Copy: c:\Python23\Lib\site-packages\Scientific\BSP\__init__.pyo
200 File Copy: c:\Python23\Lib\site-packages\Scientific\BSP\IO.pyo
200 File Copy: c:\Python23\Lib\site-packages\Scientific\BSP\Console.pyo
200 File Copy: c:\Python23\Lib\site-packages\Scientific\MPI\core.pyo
200 File Copy: c:\Python23\Lib\site-packages\Scientific\MPI\__init__.pyo
200 File Copy: c:\Python23\Lib\site-packages\Scientific\MPI\IO.pyo
200 File Copy: c:\Python23\Lib\site-packages\Scientific\Visualization\__init__.pyo
200 File Copy: c:\Python23\Lib\site-packages\Scientific\Visualization\VRML2.pyo
200 File Copy: c:\Python23\Lib\site-packages\Scientific\Visualization\VRML.pyo
200 File Copy: c:\Python23\Lib\site-packages\Scientific\Visualization\VPython.pyo
200 File Copy: c:\Python23\Lib\site-packages\Scientific\Visualization\VMD.pyo
200 File Copy: c:\Python23\Lib\site-packages\Scientific\Visualization\Color.pyo
200 File Copy: c:\Python23\Lib\site-packages\Scientific\TkWidgets\__init__.pyo
200 File Copy: c:\Python23\Lib\site-packages\Scientific\TkWidgets\Utility.pyo
200 File Copy: c:\Python23\Lib\site-packages\Scientific\TkWidgets\TkVisualizationCanvas.pyo
200 File Copy: c:\Python23\Lib\site-packages\Scientific\TkWidgets\TkPlotCanvas.pyo
200 File Copy: c:\Python23\Lib\site-packages\Scientific\Threading\__init__.pyo
200 File Copy: c:\Python23\Lib\site-packages\Scientific\Threading\TaskManager.pyo
200 File Copy: c:\Python23\Lib\site-packages\Scientific\Signals\__init__.pyo
200 File Copy: c:\Python23\Lib\site-packages\Scientific\Signals\Models.pyo
200 File Copy: c:\Python23\Lib\site-packages\Scientific\Statistics\__init__.pyo
200 File Copy: c:\Python23\Lib\site-packages\Scientific\Statistics\Histogram.pyo
200 File Copy: c:\Python23\Lib\site-packages\Scientific\Physics\__init__.pyo
200 File Copy: c:\Python23\Lib\site-packages\Scientific\Physics\Potential.pyo
200 File Copy: c:\Python23\Lib\site-packages\Scientific\Physics\PhysicalQuantities.pyo
200 File Copy: c:\Python23\Lib\site-packages\Scientific\IO\__init__.pyo
200 File Copy: c:\Python23\Lib\site-packages\Scientific\IO\TextFile.pyo
200 File Copy: c:\Python23\Lib\site-packages\Scientific\IO\PDBExportFilters.pyo
200 File Copy: c:\Python23\Lib\site-packages\Scientific\IO\PDB.pyo
200 File Copy: c:\Python23\Lib\site-packages\Scientific\IO\NetCDF.pyo
200 File Copy: c:\Python23\Lib\site-packages\Scientific\IO\FortranFormat.pyo
200 File Copy: c:\Python23\Lib\site-packages\Scientific\IO\ArrayIO.pyo
200 File Copy: c:\Python23\Lib\site-packages\Scientific\Geometry\__init__.pyo
200 File Copy: c:\Python23\Lib\site-packages\Scientific\Geometry\VectorModule.pyo
200 File Copy: c:\Python23\Lib\site-packages\Scientific\Geometry\Transformation.pyo
200 File Copy: c:\Python23\Lib\site-packages\Scientific\Geometry\TensorModule.pyo
200 File Copy: c:\Python23\Lib\site-packages\Scientific\Geometry\TensorAnalysis.pyo
200 File Copy: c:\Python23\Lib\site-packages\Scientific\Geometry\Quaternion.pyo
200 File Copy: c:\Python23\Lib\site-packages\Scientific\Geometry\Objects3D.pyo
200 File Copy: c:\Python23\Lib\site-packages\Scientific\Functions\__init__.pyo
200 File Copy: c:\Python23\Lib\site-packages\Scientific\Functions\Romberg.pyo
200 File Copy: c:\Python23\Lib\site-packages\Scientific\Functions\Rational.pyo
200 File Copy: c:\Python23\Lib\site-packages\Scientific\Functions\Polynomial.pyo
200 File Copy: c:\Python23\Lib\site-packages\Scientific\Functions\LeastSquares.pyo
200 File Copy: c:\Python23\Lib\site-packages\Scientific\Functions\Interpolation.pyo
200 File Copy: c:\Python23\Lib\site-packages\Scientific\Functions\FirstDerivatives.pyo
200 File Copy: c:\Python23\Lib\site-packages\Scientific\Functions\FindRoot.pyo
200 File Copy: c:\Python23\Lib\site-packages\Scientific\Functions\Derivatives.pyo
200 File Copy: c:\Python23\Lib\site-packages\Scientific\indexing.pyo
200 File Copy: c:\Python23\Lib\site-packages\Scientific\__init__.pyo
200 File Copy: c:\Python23\Lib\site-packages\Scientific\NumberDict.pyo
200 File Copy: c:\Python23\Lib\site-packages\Scientific\Mathematica.pyo
200 File Copy: c:\Python23\Lib\site-packages\Scientific\Installation.pyo
200 File Copy: c:\Python23\Lib\site-packages\Scientific\DictWithDefault.pyo
